#
# There is insufficient memory for the Java Runtime Environment to continue.
# Native memory allocation (malloc) failed to allocate 1141136 bytes for Chunk::new
# Possible reasons:
#   The system is out of physical RAM or swap space
#   The process is running with CompressedOops enabled, and the Java Heap may be blocking the growth of the native heap
# Possible solutions:
#   Reduce memory load on the system
#   Increase physical memory or swap space
#   Check if swap backing store is full
#   Decrease Java heap size (-Xmx/-Xms)
#   Decrease number of Java threads
#   Decrease Java thread stack sizes (-Xss)
#   Set larger code cache with -XX:ReservedCodeCacheSize=
#   JVM is running with Unscaled Compressed Oops mode in which the Java heap is
#     placed in the first 4GB address space. The Java Heap base address is the
#     maximum limit for the native heap growth. Please use -XX:HeapBaseMinAddress
#     to set the Java Heap base and to place the Java Heap above 4GB virtual address.
# This output file may be truncated or incomplete.
#
#  Out of Memory Error (arena.cpp:197), pid=4832, tid=1068
#
# JRE version: OpenJDK Runtime Environment Microsoft-8035250 (11.0.20+8) (build 11.0.20+8-LTS)
# Java VM: OpenJDK 64-Bit Server VM Microsoft-8035250 (11.0.20+8-LTS, mixed mode, tiered, compressed oops, g1 gc, windows-amd64)
# No core dump will be written. Minidumps are not enabled by default on client versions of Windows
#

---------------  S U M M A R Y ------------

Command Line: -XX:MaxMetaspaceSize=512m --add-opens=java.base/java.util=ALL-UNNAMED --add-opens=java.base/java.lang=ALL-UNNAMED --add-opens=java.base/java.lang.invoke=ALL-UNNAMED --add-opens=java.prefs/java.util.prefs=ALL-UNNAMED --add-opens=java.base/java.nio.charset=ALL-UNNAMED --add-opens=java.base/java.net=ALL-UNNAMED --add-opens=java.base/java.util.concurrent.atomic=ALL-UNNAMED -Xmx2048m -Dfile.encoding=windows-1252 -Duser.country=IN -Duser.language=en -Duser.variant org.gradle.launcher.daemon.bootstrap.GradleDaemon 8.0.1

Host: AMD Ryzen 5 4600G with Radeon Graphics, 12 cores, 11G,  Windows 10 , 64 bit Build 19041 (10.0.19041.3636)
Time: Tue Dec  5 19:44:25 2023 India Standard Time elapsed time: 16.881987 seconds (0d 0h 0m 16s)

---------------  T H R E A D  ---------------

Current thread (0x000001a2709d2800):  JavaThread "C2 CompilerThread0" daemon [_thread_in_native, id=1068, stack(0x0000005b8d900000,0x0000005b8da00000)]


Current CompileTask:
C2:  16882 13099   !   4       java.net.URLClassLoader::defineClass (224 bytes)

Stack: [0x0000005b8d900000,0x0000005b8da00000]
Native frames: (J=compiled Java code, j=interpreted, Vv=VM code, C=native code)
V  [jvm.dll+0x62e9da]
V  [jvm.dll+0x7bc4e9]
V  [jvm.dll+0x7bdbd8]
V  [jvm.dll+0x7be2b3]
V  [jvm.dll+0x2505a8]
V  [jvm.dll+0xc263c]
V  [jvm.dll+0xc2bfc]
V  [jvm.dll+0x35fdc7]
V  [jvm.dll+0x32bf13]
V  [jvm.dll+0x32b24a]
V  [jvm.dll+0x2097e3]
V  [jvm.dll+0x20893d]
V  [jvm.dll+0x18a7de]
V  [jvm.dll+0x2181ec]
V  [jvm.dll+0x21642b]
V  [jvm.dll+0x77efc0]
V  [jvm.dll+0x777db4]
V  [jvm.dll+0x62d845]
C  [ucrtbase.dll+0x21bb2]
C  [KERNEL32.DLL+0x17344]
C  [ntdll.dll+0x526b1]


---------------  P R O C E S S  ---------------

Threads class SMR info:
_java_thread_list=0x000001a273095430, length=113, elements={
0x000001a250bed800, 0x000001a270970800, 0x000001a270971800, 0x000001a2709cb800,
0x000001a2709cd800, 0x000001a2709ce800, 0x000001a2709d2800, 0x000001a2709d3800,
0x000001a2709df000, 0x000001a270b6c800, 0x000001a273f3d800, 0x000001a271fbe800,
0x000001a272db7000, 0x000001a27261d000, 0x000001a271ea4000, 0x000001a27348b000,
0x000001a271e3e800, 0x000001a271dcf800, 0x000001a271a7e800, 0x000001a27318c000,
0x000001a27318d000, 0x000001a27318f800, 0x000001a27318e000, 0x000001a27318e800,
0x000001a273189800, 0x000001a27318a800, 0x000001a273190000, 0x000001a27318b800,
0x000001a2740d5000, 0x000001a2740d9000, 0x000001a2740d3000, 0x000001a2740d7800,
0x000001a2740d5800, 0x000001a2740d9800, 0x000001a2740d8000, 0x000001a2740d4000,
0x000001a2740de000, 0x000001a277aa6000, 0x000001a2740df800, 0x000001a2740e1000,
0x000001a2740db800, 0x000001a2740dd000, 0x000001a2740de800, 0x000001a2740dc000,
0x000001a2740e0800, 0x000001a2740e2000, 0x000001a278187000, 0x000001a278188000,
0x000001a278182000, 0x000001a278188800, 0x000001a278183000, 0x000001a278184800,
0x000001a278189800, 0x000001a278185800, 0x000001a278186000, 0x000001a278183800,
0x000001a27818d800, 0x000001a278190000, 0x000001a27818b000, 0x000001a27818c800,
0x000001a27818e800, 0x000001a27818a000, 0x000001a27818f000, 0x000001a278191000,
0x000001a27818c000, 0x000001a278835000, 0x000001a278835800, 0x000001a278838000,
0x000001a278839000, 0x000001a278837000, 0x000001a278834000, 0x000001a278833000,
0x000001a27883a800, 0x000001a27883b800, 0x000001a278839800, 0x000001a278836800,
0x000001a27883e800, 0x000001a27883f800, 0x000001a27883d000, 0x000001a278842000,
0x000001a278840000, 0x000001a278841000, 0x000001a27883e000, 0x000001a27e4b4000,
0x000001a27e4ba800, 0x000001a27e4b5000, 0x000001a27e4b9800, 0x000001a27e4bb800,
0x000001a27e4b6800, 0x000001a27e4b5800, 0x000001a27e4bc000, 0x000001a27e4bd000,
0x000001a27e4b7000, 0x000001a27e4be000, 0x000001a27e4b8000, 0x000001a27e4be800,
0x000001a27e4b9000, 0x000001a27e4c2000, 0x000001a27e4bf800, 0x000001a27e4c0000,
0x000001a27e4c1000, 0x000001a27e4c2800, 0x000001a27e88e000, 0x000001a27e88c800,
0x000001a27e88a800, 0x000001a27e88b800, 0x000001a27e88d000, 0x000001a27e88a000,
0x000001a27e88f800, 0x000001a27e894800, 0x000001a27e88f000, 0x000001a27e892000,
0x000001a27e895800
}

Java Threads: ( => current thread )
  0x000001a250bed800 JavaThread "main" [_thread_blocked, id=12068, stack(0x0000005b8cd00000,0x0000005b8ce00000)]
  0x000001a270970800 JavaThread "Reference Handler" daemon [_thread_blocked, id=4344, stack(0x0000005b8d400000,0x0000005b8d500000)]
  0x000001a270971800 JavaThread "Finalizer" daemon [_thread_blocked, id=8480, stack(0x0000005b8d500000,0x0000005b8d600000)]
  0x000001a2709cb800 JavaThread "Signal Dispatcher" daemon [_thread_blocked, id=14868, stack(0x0000005b8d600000,0x0000005b8d700000)]
  0x000001a2709cd800 JavaThread "Attach Listener" daemon [_thread_blocked, id=16292, stack(0x0000005b8d700000,0x0000005b8d800000)]
  0x000001a2709ce800 JavaThread "Service Thread" daemon [_thread_blocked, id=6716, stack(0x0000005b8d800000,0x0000005b8d900000)]
=>0x000001a2709d2800 JavaThread "C2 CompilerThread0" daemon [_thread_in_native, id=1068, stack(0x0000005b8d900000,0x0000005b8da00000)]
  0x000001a2709d3800 JavaThread "C1 CompilerThread0" daemon [_thread_blocked, id=9736, stack(0x0000005b8da00000,0x0000005b8db00000)]
  0x000001a2709df000 JavaThread "Sweeper thread" daemon [_thread_blocked, id=9572, stack(0x0000005b8db00000,0x0000005b8dc00000)]
  0x000001a270b6c800 JavaThread "Common-Cleaner" daemon [_thread_blocked, id=4132, stack(0x0000005b8dc00000,0x0000005b8dd00000)]
  0x000001a273f3d800 JavaThread "Daemon health stats" [_thread_blocked, id=14060, stack(0x0000005b8e200000,0x0000005b8e300000)]
  0x000001a271fbe800 JavaThread "Incoming local TCP Connector on port 56531" [_thread_in_native, id=15700, stack(0x0000005b8e300000,0x0000005b8e400000)]
  0x000001a272db7000 JavaThread "Daemon periodic checks" [_thread_blocked, id=12976, stack(0x0000005b8e400000,0x0000005b8e500000)]
  0x000001a27261d000 JavaThread "Daemon" [_thread_blocked, id=10348, stack(0x0000005b8e500000,0x0000005b8e600000)]
  0x000001a271ea4000 JavaThread "Handler for socket connection from /127.0.0.1:56531 to /127.0.0.1:56532" [_thread_in_native, id=5972, stack(0x0000005b8e600000,0x0000005b8e700000)]
  0x000001a27348b000 JavaThread "Cancel handler" [_thread_blocked, id=8112, stack(0x0000005b8e700000,0x0000005b8e800000)]
  0x000001a271e3e800 JavaThread "Daemon worker" [_thread_blocked, id=6712, stack(0x0000005b8e800000,0x0000005b8e900000)]
  0x000001a271dcf800 JavaThread "Asynchronous log dispatcher for DefaultDaemonConnection: socket connection from /127.0.0.1:56531 to /127.0.0.1:56532" [_thread_blocked, id=5644, stack(0x0000005b8e900000,0x0000005b8ea00000)]
  0x000001a271a7e800 JavaThread "Stdin handler" [_thread_blocked, id=4212, stack(0x0000005b8ea00000,0x0000005b8eb00000)]
  0x000001a27318c000 JavaThread "Daemon client event forwarder" [_thread_blocked, id=10588, stack(0x0000005b8eb00000,0x0000005b8ec00000)]
  0x000001a27318d000 JavaThread "Cache worker for journal cache (C:\Users\Aripro\.gradle\caches\journal-1)" [_thread_blocked, id=6300, stack(0x0000005b8f400000,0x0000005b8f500000)]
  0x000001a27318f800 JavaThread "File lock request listener" [_thread_in_native, id=4036, stack(0x0000005b8f500000,0x0000005b8f600000)]
  0x000001a27318e000 JavaThread "Cache worker for file hash cache (C:\Users\Aripro\.gradle\caches\8.0.1\fileHashes)" [_thread_blocked, id=12836, stack(0x0000005b8f600000,0x0000005b8f700000)]
  0x000001a27318e800 JavaThread "File watcher server" daemon [_thread_in_native, id=11384, stack(0x0000005b8f700000,0x0000005b8f800000)]
  0x000001a273189800 JavaThread "File watcher consumer" daemon [_thread_blocked, id=1692, stack(0x0000005b8f800000,0x0000005b8f900000)]
  0x000001a27318a800 JavaThread "Cache worker for checksums cache (P:\test\firstProject\android\.gradle\8.0.1\checksums)" [_thread_blocked, id=13500, stack(0x0000005b8f900000,0x0000005b8fa00000)]
  0x000001a273190000 JavaThread "Cache worker for cache directory md-rule (C:\Users\Aripro\.gradle\caches\8.0.1\md-rule)" [_thread_blocked, id=9688, stack(0x0000005b8fa00000,0x0000005b8fb00000)]
  0x000001a27318b800 JavaThread "Cache worker for file content cache (C:\Users\Aripro\.gradle\caches\8.0.1\fileContent)" [_thread_blocked, id=2528, stack(0x0000005b8fb00000,0x0000005b8fc00000)]
  0x000001a2740d5000 JavaThread "Cache worker for file hash cache (P:\test\firstProject\android\.gradle\8.0.1\fileHashes)" [_thread_blocked, id=9084, stack(0x0000005b8fc00000,0x0000005b8fd00000)]
  0x000001a2740d9000 JavaThread "Cache worker for cache directory md-supplier (C:\Users\Aripro\.gradle\caches\8.0.1\md-supplier)" [_thread_blocked, id=7268, stack(0x0000005b8fd00000,0x0000005b8fe00000)]
  0x000001a2740d3000 JavaThread "Cache worker for execution history cache (C:\Users\Aripro\.gradle\caches\8.0.1\executionHistory)" [_thread_blocked, id=7392, stack(0x0000005b8fe00000,0x0000005b8ff00000)]
  0x000001a2740d7800 JavaThread "jar transforms" [_thread_blocked, id=8544, stack(0x0000005b8ff00000,0x0000005b90000000)]
  0x000001a2740d5800 JavaThread "jar transforms Thread 2" [_thread_blocked, id=12412, stack(0x0000005b90000000,0x0000005b90100000)]
  0x000001a2740d9800 JavaThread "jar transforms Thread 3" [_thread_blocked, id=15988, stack(0x0000005b90100000,0x0000005b90200000)]
  0x000001a2740d8000 JavaThread "jar transforms Thread 4" [_thread_blocked, id=10552, stack(0x0000005b90200000,0x0000005b90300000)]
  0x000001a2740d4000 JavaThread "Cache worker for kotlin-dsl (C:\Users\Aripro\.gradle\caches\8.0.1\kotlin-dsl)" [_thread_blocked, id=8608, stack(0x0000005b8de00000,0x0000005b8df00000)]
  0x000001a2740de000 JavaThread "jar transforms Thread 5" [_thread_blocked, id=15564, stack(0x0000005b90300000,0x0000005b90400000)]
  0x000001a277aa6000 JavaThread "C2 CompilerThread1" daemon [_thread_in_native, id=7340, stack(0x0000005b90600000,0x0000005b90700000)]
  0x000001a2740df800 JavaThread "jar transforms Thread 6" [_thread_blocked, id=11876, stack(0x0000005b90700000,0x0000005b90800000)]
  0x000001a2740e1000 JavaThread "Cache worker for dependencies-accessors (P:\test\firstProject\android\.gradle\8.0.1\dependencies-accessors)" [_thread_blocked, id=932, stack(0x0000005b90800000,0x0000005b90900000)]
  0x000001a2740db800 JavaThread "Cache worker for Build Output Cleanup Cache (P:\test\firstProject\node_modules\@react-native\gradle-plugin\.gradle\buildOutputCleanup)" [_thread_blocked, id=6828, stack(0x0000005b90900000,0x0000005b90a00000)]
  0x000001a2740dd000 JavaThread "jar transforms Thread 7" [_thread_blocked, id=15904, stack(0x0000005b90a00000,0x0000005b90b00000)]
  0x000001a2740de800 JavaThread "Unconstrained build operations" [_thread_blocked, id=5436, stack(0x0000005b90b00000,0x0000005b90c00000)]
  0x000001a2740dc000 JavaThread "Unconstrained build operations Thread 2" [_thread_blocked, id=13056, stack(0x0000005b90c00000,0x0000005b90d00000)]
  0x000001a2740e0800 JavaThread "Unconstrained build operations Thread 3" [_thread_blocked, id=476, stack(0x0000005b90d00000,0x0000005b90e00000)]
  0x000001a2740e2000 JavaThread "Unconstrained build operations Thread 4" [_thread_blocked, id=8972, stack(0x0000005b90e00000,0x0000005b90f00000)]
  0x000001a278187000 JavaThread "Unconstrained build operations Thread 5" [_thread_blocked, id=15616, stack(0x0000005b90f00000,0x0000005b91000000)]
  0x000001a278188000 JavaThread "Unconstrained build operations Thread 6" [_thread_blocked, id=5904, stack(0x0000005b91000000,0x0000005b91100000)]
  0x000001a278182000 JavaThread "Unconstrained build operations Thread 7" [_thread_blocked, id=13692, stack(0x0000005b91100000,0x0000005b91200000)]
  0x000001a278188800 JavaThread "Unconstrained build operations Thread 8" [_thread_blocked, id=10680, stack(0x0000005b91200000,0x0000005b91300000)]
  0x000001a278183000 JavaThread "Unconstrained build operations Thread 9" [_thread_blocked, id=7432, stack(0x0000005b91300000,0x0000005b91400000)]
  0x000001a278184800 JavaThread "Unconstrained build operations Thread 10" [_thread_blocked, id=13816, stack(0x0000005b91400000,0x0000005b91500000)]
  0x000001a278189800 JavaThread "Unconstrained build operations Thread 11" [_thread_blocked, id=6976, stack(0x0000005b91500000,0x0000005b91600000)]
  0x000001a278185800 JavaThread "Unconstrained build operations Thread 12" [_thread_blocked, id=11304, stack(0x0000005b91600000,0x0000005b91700000)]
  0x000001a278186000 JavaThread "Unconstrained build operations Thread 13" [_thread_blocked, id=10496, stack(0x0000005b91700000,0x0000005b91800000)]
  0x000001a278183800 JavaThread "Unconstrained build operations Thread 14" [_thread_blocked, id=15908, stack(0x0000005b91800000,0x0000005b91900000)]
  0x000001a27818d800 JavaThread "Unconstrained build operations Thread 15" [_thread_blocked, id=9136, stack(0x0000005b91900000,0x0000005b91a00000)]
  0x000001a278190000 JavaThread "Unconstrained build operations Thread 16" [_thread_blocked, id=10208, stack(0x0000005b91a00000,0x0000005b91b00000)]
  0x000001a27818b000 JavaThread "Unconstrained build operations Thread 17" [_thread_blocked, id=7980, stack(0x0000005b91b00000,0x0000005b91c00000)]
  0x000001a27818c800 JavaThread "Unconstrained build operations Thread 18" [_thread_blocked, id=16368, stack(0x0000005b91c00000,0x0000005b91d00000)]
  0x000001a27818e800 JavaThread "Unconstrained build operations Thread 19" [_thread_blocked, id=1340, stack(0x0000005b91d00000,0x0000005b91e00000)]
  0x000001a27818a000 JavaThread "Unconstrained build operations Thread 20" [_thread_blocked, id=5152, stack(0x0000005b91e00000,0x0000005b91f00000)]
  0x000001a27818f000 JavaThread "Unconstrained build operations Thread 21" [_thread_blocked, id=3332, stack(0x0000005b91f00000,0x0000005b92000000)]
  0x000001a278191000 JavaThread "Unconstrained build operations Thread 22" [_thread_blocked, id=13488, stack(0x0000005b92000000,0x0000005b92100000)]
  0x000001a27818c000 JavaThread "Unconstrained build operations Thread 23" [_thread_blocked, id=12408, stack(0x0000005b92100000,0x0000005b92200000)]
  0x000001a278835000 JavaThread "Unconstrained build operations Thread 24" [_thread_blocked, id=4400, stack(0x0000005b92200000,0x0000005b92300000)]
  0x000001a278835800 JavaThread "Unconstrained build operations Thread 25" [_thread_blocked, id=4588, stack(0x0000005b92300000,0x0000005b92400000)]
  0x000001a278838000 JavaThread "Unconstrained build operations Thread 26" [_thread_blocked, id=10936, stack(0x0000005b92400000,0x0000005b92500000)]
  0x000001a278839000 JavaThread "jar transforms Thread 8" [_thread_blocked, id=6984, stack(0x0000005b92500000,0x0000005b92600000)]
  0x000001a278837000 JavaThread "jar transforms Thread 9" [_thread_blocked, id=4084, stack(0x0000005b92600000,0x0000005b92700000)]
  0x000001a278834000 JavaThread "jar transforms Thread 10" [_thread_blocked, id=3276, stack(0x0000005b92700000,0x0000005b92800000)]
  0x000001a278833000 JavaThread "jar transforms Thread 11" [_thread_blocked, id=15960, stack(0x0000005b92800000,0x0000005b92900000)]
  0x000001a27883a800 JavaThread "jar transforms Thread 12" [_thread_blocked, id=13520, stack(0x0000005b92900000,0x0000005b92a00000)]
  0x000001a27883b800 JavaThread "Memory manager" [_thread_blocked, id=10052, stack(0x0000005b92a00000,0x0000005b92b00000)]
  0x000001a278839800 JavaThread "Cache worker for Build Output Cleanup Cache (P:\test\firstProject\android\.gradle\buildOutputCleanup)" [_thread_blocked, id=3248, stack(0x0000005b92b00000,0x0000005b92c00000)]
  0x000001a278836800 JavaThread "included builds" [_thread_blocked, id=8760, stack(0x0000005b92c00000,0x0000005b92d00000)]
  0x000001a27883e800 JavaThread "Execution worker" [_thread_blocked, id=16236, stack(0x0000005b92d00000,0x0000005b92e00000)]
  0x000001a27883f800 JavaThread "Execution worker Thread 2" [_thread_blocked, id=4704, stack(0x0000005b92e00000,0x0000005b92f00000)]
  0x000001a27883d000 JavaThread "Execution worker Thread 3" [_thread_blocked, id=1884, stack(0x0000005b92f00000,0x0000005b93000000)]
  0x000001a278842000 JavaThread "Execution worker Thread 4" [_thread_blocked, id=10012, stack(0x0000005b93000000,0x0000005b93100000)]
  0x000001a278840000 JavaThread "Execution worker Thread 5" [_thread_blocked, id=16076, stack(0x0000005b93100000,0x0000005b93200000)]
  0x000001a278841000 JavaThread "Execution worker Thread 6" [_thread_in_native, id=13220, stack(0x0000005b93200000,0x0000005b93300000)]
  0x000001a27883e000 JavaThread "Execution worker Thread 7" [_thread_blocked, id=2588, stack(0x0000005b93300000,0x0000005b93400000)]
  0x000001a27e4b4000 JavaThread "Execution worker Thread 8" [_thread_blocked, id=7384, stack(0x0000005b93400000,0x0000005b93500000)]
  0x000001a27e4ba800 JavaThread "Execution worker Thread 9" [_thread_blocked, id=8496, stack(0x0000005b93500000,0x0000005b93600000)]
  0x000001a27e4b5000 JavaThread "Execution worker Thread 10" [_thread_blocked, id=12636, stack(0x0000005b93600000,0x0000005b93700000)]
  0x000001a27e4b9800 JavaThread "Execution worker Thread 11" [_thread_blocked, id=14544, stack(0x0000005b93700000,0x0000005b93800000)]
  0x000001a27e4bb800 JavaThread "Cache worker for execution history cache (P:\test\firstProject\node_modules\@react-native\gradle-plugin\.gradle\8.0.1\executionHistory)" [_thread_blocked, id=15872, stack(0x0000005b93800000,0x0000005b93900000)]
  0x000001a27e4b6800 JavaThread "Unconstrained build operations Thread 27" [_thread_blocked, id=14944, stack(0x0000005b93900000,0x0000005b93a00000)]
  0x000001a27e4b5800 JavaThread "Unconstrained build operations Thread 28" [_thread_blocked, id=15016, stack(0x0000005b93a00000,0x0000005b93b00000)]
  0x000001a27e4bc000 JavaThread "Unconstrained build operations Thread 29" [_thread_blocked, id=11344, stack(0x0000005b93b00000,0x0000005b93c00000)]
  0x000001a27e4bd000 JavaThread "Unconstrained build operations Thread 30" [_thread_blocked, id=12696, stack(0x0000005b93c00000,0x0000005b93d00000)]
  0x000001a27e4b7000 JavaThread "Unconstrained build operations Thread 31" [_thread_blocked, id=9352, stack(0x0000005b93d00000,0x0000005b93e00000)]
  0x000001a27e4be000 JavaThread "Unconstrained build operations Thread 32" [_thread_blocked, id=12908, stack(0x0000005b93e00000,0x0000005b93f00000)]
  0x000001a27e4b8000 JavaThread "Unconstrained build operations Thread 33" [_thread_blocked, id=10572, stack(0x0000005b93f00000,0x0000005b94000000)]
  0x000001a27e4be800 JavaThread "Unconstrained build operations Thread 34" [_thread_blocked, id=6264, stack(0x0000005b94000000,0x0000005b94100000)]
  0x000001a27e4b9000 JavaThread "Unconstrained build operations Thread 35" [_thread_blocked, id=12488, stack(0x0000005b94100000,0x0000005b94200000)]
  0x000001a27e4c2000 JavaThread "Unconstrained build operations Thread 36" [_thread_blocked, id=13068, stack(0x0000005b94200000,0x0000005b94300000)]
  0x000001a27e4bf800 JavaThread "Unconstrained build operations Thread 37" [_thread_blocked, id=11368, stack(0x0000005b94300000,0x0000005b94400000)]
  0x000001a27e4c0000 JavaThread "Unconstrained build operations Thread 38" [_thread_blocked, id=11820, stack(0x0000005b94400000,0x0000005b94500000)]
  0x000001a27e4c1000 JavaThread "Unconstrained build operations Thread 39" [_thread_blocked, id=11920, stack(0x0000005b94500000,0x0000005b94600000)]
  0x000001a27e4c2800 JavaThread "Unconstrained build operations Thread 40" [_thread_blocked, id=12628, stack(0x0000005b94600000,0x0000005b94700000)]
  0x000001a27e88e000 JavaThread "Unconstrained build operations Thread 41" [_thread_blocked, id=7908, stack(0x0000005b94700000,0x0000005b94800000)]
  0x000001a27e88c800 JavaThread "Unconstrained build operations Thread 42" [_thread_blocked, id=5296, stack(0x0000005b94800000,0x0000005b94900000)]
  0x000001a27e88a800 JavaThread "Unconstrained build operations Thread 43" [_thread_blocked, id=5036, stack(0x0000005b94900000,0x0000005b94a00000)]
  0x000001a27e88b800 JavaThread "Unconstrained build operations Thread 44" [_thread_blocked, id=8404, stack(0x0000005b94a00000,0x0000005b94b00000)]
  0x000001a27e88d000 JavaThread "Unconstrained build operations Thread 45" [_thread_blocked, id=13200, stack(0x0000005b94b00000,0x0000005b94c00000)]
  0x000001a27e88a000 JavaThread "Unconstrained build operations Thread 46" [_thread_blocked, id=3132, stack(0x0000005b94c00000,0x0000005b94d00000)]
  0x000001a27e88f800 JavaThread "Unconstrained build operations Thread 47" [_thread_blocked, id=296, stack(0x0000005b94d00000,0x0000005b94e00000)]
  0x000001a27e894800 JavaThread "Unconstrained build operations Thread 48" [_thread_blocked, id=8308, stack(0x0000005b94e00000,0x0000005b94f00000)]
  0x000001a27e88f000 JavaThread "Unconstrained build operations Thread 49" [_thread_blocked, id=12844, stack(0x0000005b94f00000,0x0000005b95000000)]
  0x000001a27e892000 JavaThread "Unconstrained build operations Thread 50" [_thread_blocked, id=3632, stack(0x0000005b95000000,0x0000005b95100000)]
  0x000001a27e895800 JavaThread "Unconstrained build operations Thread 51" [_thread_blocked, id=11672, stack(0x0000005b95100000,0x0000005b95200000)]

Other Threads:
  0x000001a270161800 VMThread "VM Thread" [stack: 0x0000005b8d300000,0x0000005b8d400000] [id=6944]
  0x000001a270b9c000 WatcherThread [stack: 0x0000005b8dd00000,0x0000005b8de00000] [id=12116]
  0x000001a250c08000 GCTaskThread "GC Thread#0" [stack: 0x0000005b8ce00000,0x0000005b8cf00000] [id=7672]
  0x000001a2719ca800 GCTaskThread "GC Thread#1" [stack: 0x0000005b8df00000,0x0000005b8e000000] [id=10280]
  0x000001a2719ef800 GCTaskThread "GC Thread#2" [stack: 0x0000005b8e000000,0x0000005b8e100000] [id=8232]
  0x000001a2719a2000 GCTaskThread "GC Thread#3" [stack: 0x0000005b8e100000,0x0000005b8e200000] [id=6020]
  0x000001a272fe4800 GCTaskThread "GC Thread#4" [stack: 0x0000005b8ec00000,0x0000005b8ed00000] [id=6196]
  0x000001a272d96000 GCTaskThread "GC Thread#5" [stack: 0x0000005b8ed00000,0x0000005b8ee00000] [id=10172]
  0x000001a2731ce800 GCTaskThread "GC Thread#6" [stack: 0x0000005b8ee00000,0x0000005b8ef00000] [id=14072]
  0x000001a273314800 GCTaskThread "GC Thread#7" [stack: 0x0000005b8ef00000,0x0000005b8f000000] [id=13244]
  0x000001a273315800 GCTaskThread "GC Thread#8" [stack: 0x0000005b8f000000,0x0000005b8f100000] [id=5252]
  0x000001a272f00000 GCTaskThread "GC Thread#9" [stack: 0x0000005b8f100000,0x0000005b8f200000] [id=7424]
  0x000001a250c3b800 ConcurrentGCThread "G1 Main Marker" [stack: 0x0000005b8cf00000,0x0000005b8d000000] [id=13972]
  0x000001a250c3d000 ConcurrentGCThread "G1 Conc#0" [stack: 0x0000005b8d000000,0x0000005b8d100000] [id=15820]
  0x000001a2714c1800 ConcurrentGCThread "G1 Conc#1" [stack: 0x0000005b8f200000,0x0000005b8f300000] [id=7836]
  0x000001a2731c9800 ConcurrentGCThread "G1 Conc#2" [stack: 0x0000005b8f300000,0x0000005b8f400000] [id=14264]
  0x000001a26ffd5000 ConcurrentGCThread "G1 Refine#0" [stack: 0x0000005b8d100000,0x0000005b8d200000] [id=7816]
  0x000001a2721e5800 ConcurrentGCThread "G1 Refine#1" [stack: 0x0000005b90400000,0x0000005b90500000] [id=16248]
  0x000001a2721e6000 ConcurrentGCThread "G1 Refine#2" [stack: 0x0000005b90500000,0x0000005b90600000] [id=8820]
  0x000001a26ffd6000 ConcurrentGCThread "G1 Young RemSet Sampling" [stack: 0x0000005b8d200000,0x0000005b8d300000] [id=5800]

Threads with active compile tasks:
C2 CompilerThread0    16907 13099   !   4       java.net.URLClassLoader::defineClass (224 bytes)
C2 CompilerThread1    16907 13223   !   4       java.net.URLClassLoader$1::run (81 bytes)

VM state:not at safepoint (normal execution)

VM Mutex/Monitor currently owned by a thread: None

Heap address: 0x0000000080000000, size: 2048 MB, Compressed Oops mode: 32-bit
Narrow klass base: 0x0000000000000000, Narrow klass shift: 3
Compressed class space size: 528482304 Address: 0x0000000100000000

Heap:
 garbage-first heap   total 224256K, used 167193K [0x0000000080000000, 0x0000000100000000)
  region size 1024K, 60 young (61440K), 4 survivors (4096K)
 Metaspace       used 128985K, capacity 131640K, committed 131792K, reserved 632832K
  class space    used 15899K, capacity 16956K, committed 17024K, reserved 516096K
Heap Regions: E=young(eden), S=young(survivor), O=old, HS=humongous(starts), HC=humongous(continues), CS=collection set, F=free, A=archive, TAMS=top-at-mark-start (previous, next)
|   0|0x0000000080000000, 0x0000000080100000, 0x0000000080100000|100%|HS|  |TAMS 0x0000000080100000, 0x0000000080000000| Complete 
|   1|0x0000000080100000, 0x0000000080200000, 0x0000000080200000|100%|HC|  |TAMS 0x0000000080200000, 0x0000000080100000| Complete 
|   2|0x0000000080200000, 0x0000000080300000, 0x0000000080300000|100%|HC|  |TAMS 0x0000000080300000, 0x0000000080200000| Complete 
|   3|0x0000000080300000, 0x0000000080400000, 0x0000000080400000|100%|HC|  |TAMS 0x0000000080400000, 0x0000000080300000| Complete 
|   4|0x0000000080400000, 0x0000000080500000, 0x0000000080500000|100%| O|  |TAMS 0x0000000080500000, 0x0000000080400000| Untracked 
|   5|0x0000000080500000, 0x0000000080600000, 0x0000000080600000|100%| O|  |TAMS 0x0000000080600000, 0x0000000080500000| Untracked 
|   6|0x0000000080600000, 0x0000000080700000, 0x0000000080700000|100%| O|  |TAMS 0x0000000080700000, 0x0000000080600000| Untracked 
|   7|0x0000000080700000, 0x0000000080800000, 0x0000000080800000|100%| O|  |TAMS 0x0000000080800000, 0x0000000080700000| Untracked 
|   8|0x0000000080800000, 0x0000000080900000, 0x0000000080900000|100%| O|  |TAMS 0x0000000080900000, 0x0000000080800000| Untracked 
|   9|0x0000000080900000, 0x0000000080a00000, 0x0000000080a00000|100%| O|  |TAMS 0x0000000080a00000, 0x0000000080900000| Untracked 
|  10|0x0000000080a00000, 0x0000000080b00000, 0x0000000080b00000|100%| O|  |TAMS 0x0000000080b00000, 0x0000000080a00000| Untracked 
|  11|0x0000000080b00000, 0x0000000080c00000, 0x0000000080c00000|100%| O|  |TAMS 0x0000000080c00000, 0x0000000080b00000| Untracked 
|  12|0x0000000080c00000, 0x0000000080d00000, 0x0000000080d00000|100%| O|  |TAMS 0x0000000080d00000, 0x0000000080c00000| Untracked 
|  13|0x0000000080d00000, 0x0000000080e00000, 0x0000000080e00000|100%| O|  |TAMS 0x0000000080e00000, 0x0000000080d00000| Untracked 
|  14|0x0000000080e00000, 0x0000000080f00000, 0x0000000080f00000|100%| O|  |TAMS 0x0000000080f00000, 0x0000000080e00000| Untracked 
|  15|0x0000000080f00000, 0x0000000081000000, 0x0000000081000000|100%| O|  |TAMS 0x0000000081000000, 0x0000000080f00000| Untracked 
|  16|0x0000000081000000, 0x0000000081100000, 0x0000000081100000|100%| O|  |TAMS 0x0000000081100000, 0x0000000081000000| Untracked 
|  17|0x0000000081100000, 0x0000000081200000, 0x0000000081200000|100%| O|  |TAMS 0x0000000081200000, 0x0000000081100000| Untracked 
|  18|0x0000000081200000, 0x0000000081300000, 0x0000000081300000|100%| O|  |TAMS 0x0000000081300000, 0x0000000081200000| Untracked 
|  19|0x0000000081300000, 0x0000000081400000, 0x0000000081400000|100%| O|  |TAMS 0x0000000081400000, 0x0000000081300000| Untracked 
|  20|0x0000000081400000, 0x0000000081500000, 0x0000000081500000|100%| O|  |TAMS 0x0000000081500000, 0x0000000081400000| Untracked 
|  21|0x0000000081500000, 0x0000000081600000, 0x0000000081600000|100%| O|  |TAMS 0x0000000081600000, 0x0000000081500000| Untracked 
|  22|0x0000000081600000, 0x0000000081700000, 0x0000000081700000|100%| O|  |TAMS 0x0000000081700000, 0x0000000081600000| Untracked 
|  23|0x0000000081700000, 0x0000000081800000, 0x0000000081800000|100%| O|  |TAMS 0x0000000081800000, 0x0000000081700000| Untracked 
|  24|0x0000000081800000, 0x0000000081900000, 0x0000000081900000|100%| O|  |TAMS 0x0000000081900000, 0x0000000081800000| Untracked 
|  25|0x0000000081900000, 0x0000000081a00000, 0x0000000081a00000|100%|HS|  |TAMS 0x0000000081a00000, 0x0000000081900000| Complete 
|  26|0x0000000081a00000, 0x0000000081b00000, 0x0000000081b00000|100%|HC|  |TAMS 0x0000000081b00000, 0x0000000081a00000| Complete 
|  27|0x0000000081b00000, 0x0000000081c00000, 0x0000000081c00000|100%|HC|  |TAMS 0x0000000081c00000, 0x0000000081b00000| Complete 
|  28|0x0000000081c00000, 0x0000000081d00000, 0x0000000081d00000|100%|HC|  |TAMS 0x0000000081d00000, 0x0000000081c00000| Complete 
|  29|0x0000000081d00000, 0x0000000081e00000, 0x0000000081e00000|100%| O|  |TAMS 0x0000000081e00000, 0x0000000081d00000| Untracked 
|  30|0x0000000081e00000, 0x0000000081f00000, 0x0000000081f00000|100%| O|  |TAMS 0x0000000081f00000, 0x0000000081e00000| Untracked 
|  31|0x0000000081f00000, 0x0000000082000000, 0x0000000082000000|100%| O|  |TAMS 0x0000000082000000, 0x0000000081f00000| Untracked 
|  32|0x0000000082000000, 0x0000000082100000, 0x0000000082100000|100%| O|  |TAMS 0x0000000082100000, 0x0000000082000000| Untracked 
|  33|0x0000000082100000, 0x0000000082200000, 0x0000000082200000|100%| O|  |TAMS 0x0000000082200000, 0x0000000082100000| Untracked 
|  34|0x0000000082200000, 0x0000000082300000, 0x0000000082300000|100%| O|  |TAMS 0x0000000082300000, 0x0000000082200000| Untracked 
|  35|0x0000000082300000, 0x0000000082300000, 0x0000000082400000|  0%| F|  |TAMS 0x0000000082300000, 0x0000000082300000| Untracked 
|  36|0x0000000082400000, 0x0000000082400000, 0x0000000082500000|  0%| F|  |TAMS 0x0000000082400000, 0x0000000082400000| Untracked 
|  37|0x0000000082500000, 0x0000000082500000, 0x0000000082600000|  0%| F|  |TAMS 0x0000000082500000, 0x0000000082500000| Untracked 
|  38|0x0000000082600000, 0x0000000082600000, 0x0000000082700000|  0%| F|  |TAMS 0x0000000082600000, 0x0000000082600000| Untracked 
|  39|0x0000000082700000, 0x0000000082700000, 0x0000000082800000|  0%| F|  |TAMS 0x0000000082700000, 0x0000000082700000| Untracked 
|  40|0x0000000082800000, 0x0000000082800000, 0x0000000082900000|  0%| F|  |TAMS 0x0000000082800000, 0x0000000082800000| Untracked 
|  41|0x0000000082900000, 0x0000000082a00000, 0x0000000082a00000|100%| O|  |TAMS 0x0000000082a00000, 0x0000000082900000| Untracked 
|  42|0x0000000082a00000, 0x0000000082b00000, 0x0000000082b00000|100%| O|  |TAMS 0x0000000082b00000, 0x0000000082a00000| Untracked 
|  43|0x0000000082b00000, 0x0000000082c00000, 0x0000000082c00000|100%| O|  |TAMS 0x0000000082c00000, 0x0000000082b00000| Untracked 
|  44|0x0000000082c00000, 0x0000000082d00000, 0x0000000082d00000|100%| O|  |TAMS 0x0000000082d00000, 0x0000000082c00000| Untracked 
|  45|0x0000000082d00000, 0x0000000082e00000, 0x0000000082e00000|100%| O|  |TAMS 0x0000000082e00000, 0x0000000082d00000| Untracked 
|  46|0x0000000082e00000, 0x0000000082f00000, 0x0000000082f00000|100%| O|  |TAMS 0x0000000082f00000, 0x0000000082e00000| Untracked 
|  47|0x0000000082f00000, 0x0000000083000000, 0x0000000083000000|100%| O|  |TAMS 0x0000000083000000, 0x0000000082f00000| Untracked 
|  48|0x0000000083000000, 0x0000000083100000, 0x0000000083100000|100%| O|  |TAMS 0x0000000083100000, 0x0000000083000000| Untracked 
|  49|0x0000000083100000, 0x0000000083200000, 0x0000000083200000|100%| O|  |TAMS 0x0000000083200000, 0x0000000083100000| Untracked 
|  50|0x0000000083200000, 0x0000000083300000, 0x0000000083300000|100%| O|  |TAMS 0x0000000083300000, 0x0000000083200000| Untracked 
|  51|0x0000000083300000, 0x0000000083400000, 0x0000000083400000|100%| O|  |TAMS 0x0000000083400000, 0x0000000083300000| Untracked 
|  52|0x0000000083400000, 0x0000000083500000, 0x0000000083500000|100%| O|  |TAMS 0x0000000083500000, 0x0000000083400000| Untracked 
|  53|0x0000000083500000, 0x0000000083600000, 0x0000000083600000|100%| O|  |TAMS 0x0000000083600000, 0x0000000083500000| Untracked 
|  54|0x0000000083600000, 0x0000000083700000, 0x0000000083700000|100%| O|  |TAMS 0x0000000083700000, 0x0000000083600000| Untracked 
|  55|0x0000000083700000, 0x0000000083800000, 0x0000000083800000|100%| O|  |TAMS 0x0000000083800000, 0x0000000083700000| Untracked 
|  56|0x0000000083800000, 0x0000000083900000, 0x0000000083900000|100%| O|  |TAMS 0x0000000083900000, 0x0000000083800000| Untracked 
|  57|0x0000000083900000, 0x0000000083a00000, 0x0000000083a00000|100%| O|  |TAMS 0x0000000083a00000, 0x0000000083900000| Untracked 
|  58|0x0000000083a00000, 0x0000000083b00000, 0x0000000083b00000|100%| O|  |TAMS 0x0000000083b00000, 0x0000000083a00000| Untracked 
|  59|0x0000000083b00000, 0x0000000083c00000, 0x0000000083c00000|100%| O|  |TAMS 0x0000000083c00000, 0x0000000083b00000| Untracked 
|  60|0x0000000083c00000, 0x0000000083d00000, 0x0000000083d00000|100%| O|  |TAMS 0x0000000083d00000, 0x0000000083c00000| Untracked 
|  61|0x0000000083d00000, 0x0000000083e00000, 0x0000000083e00000|100%| O|  |TAMS 0x0000000083e00000, 0x0000000083d00000| Untracked 
|  62|0x0000000083e00000, 0x0000000083f00000, 0x0000000083f00000|100%| O|  |TAMS 0x0000000083f00000, 0x0000000083e00000| Untracked 
|  63|0x0000000083f00000, 0x0000000084000000, 0x0000000084000000|100%| O|  |TAMS 0x0000000084000000, 0x0000000083f00000| Untracked 
|  64|0x0000000084000000, 0x0000000084100000, 0x0000000084100000|100%| O|  |TAMS 0x0000000084100000, 0x0000000084000000| Untracked 
|  65|0x0000000084100000, 0x0000000084200000, 0x0000000084200000|100%| O|  |TAMS 0x0000000084200000, 0x0000000084100000| Untracked 
|  66|0x0000000084200000, 0x0000000084300000, 0x0000000084300000|100%| O|  |TAMS 0x0000000084300000, 0x0000000084200000| Untracked 
|  67|0x0000000084300000, 0x0000000084300000, 0x0000000084400000|  0%| F|  |TAMS 0x0000000084300000, 0x0000000084300000| Untracked 
|  68|0x0000000084400000, 0x0000000084500000, 0x0000000084500000|100%| O|  |TAMS 0x0000000084500000, 0x0000000084400000| Untracked 
|  69|0x0000000084500000, 0x0000000084500000, 0x0000000084600000|  0%| F|  |TAMS 0x0000000084500000, 0x0000000084500000| Untracked 
|  70|0x0000000084600000, 0x0000000084700000, 0x0000000084700000|100%| O|  |TAMS 0x0000000084700000, 0x0000000084600000| Untracked 
|  71|0x0000000084700000, 0x0000000084800000, 0x0000000084800000|100%| O|  |TAMS 0x0000000084800000, 0x0000000084700000| Untracked 
|  72|0x0000000084800000, 0x0000000084900000, 0x0000000084900000|100%| O|  |TAMS 0x0000000084900000, 0x0000000084800000| Untracked 
|  73|0x0000000084900000, 0x0000000084a00000, 0x0000000084a00000|100%| O|  |TAMS 0x0000000084a00000, 0x0000000084900000| Untracked 
|  74|0x0000000084a00000, 0x0000000084b00000, 0x0000000084b00000|100%| O|  |TAMS 0x0000000084b00000, 0x0000000084a00000| Untracked 
|  75|0x0000000084b00000, 0x0000000084c00000, 0x0000000084c00000|100%| O|  |TAMS 0x0000000084c00000, 0x0000000084b00000| Untracked 
|  76|0x0000000084c00000, 0x0000000084d00000, 0x0000000084d00000|100%| O|  |TAMS 0x0000000084d00000, 0x0000000084c00000| Untracked 
|  77|0x0000000084d00000, 0x0000000084e00000, 0x0000000084e00000|100%|HS|  |TAMS 0x0000000084e00000, 0x0000000084d00000| Complete 
|  78|0x0000000084e00000, 0x0000000084f00000, 0x0000000084f00000|100%|HC|  |TAMS 0x0000000084f00000, 0x0000000084e00000| Complete 
|  79|0x0000000084f00000, 0x0000000085000000, 0x0000000085000000|100%|HS|  |TAMS 0x0000000085000000, 0x0000000084f00000| Complete 
|  80|0x0000000085000000, 0x0000000085100000, 0x0000000085100000|100%|HC|  |TAMS 0x0000000085100000, 0x0000000085000000| Complete 
|  81|0x0000000085100000, 0x0000000085200000, 0x0000000085200000|100%|HC|  |TAMS 0x0000000085200000, 0x0000000085100000| Complete 
|  82|0x0000000085200000, 0x0000000085300000, 0x0000000085300000|100%|HC|  |TAMS 0x0000000085300000, 0x0000000085200000| Complete 
|  83|0x0000000085300000, 0x0000000085400000, 0x0000000085400000|100%| O|  |TAMS 0x0000000085400000, 0x0000000085300000| Untracked 
|  84|0x0000000085400000, 0x0000000085500000, 0x0000000085500000|100%| O|  |TAMS 0x0000000085500000, 0x0000000085400000| Untracked 
|  85|0x0000000085500000, 0x0000000085600000, 0x0000000085600000|100%| O|  |TAMS 0x0000000085600000, 0x0000000085500000| Untracked 
|  86|0x0000000085600000, 0x0000000085700000, 0x0000000085700000|100%| O|  |TAMS 0x0000000085700000, 0x0000000085600000| Untracked 
|  87|0x0000000085700000, 0x0000000085800000, 0x0000000085800000|100%| O|  |TAMS 0x0000000085800000, 0x0000000085700000| Untracked 
|  88|0x0000000085800000, 0x0000000085900000, 0x0000000085900000|100%| O|  |TAMS 0x0000000085900000, 0x0000000085800000| Untracked 
|  89|0x0000000085900000, 0x0000000085a00000, 0x0000000085a00000|100%| O|  |TAMS 0x0000000085a00000, 0x0000000085900000| Untracked 
|  90|0x0000000085a00000, 0x0000000085b00000, 0x0000000085b00000|100%| O|  |TAMS 0x0000000085b00000, 0x0000000085a00000| Untracked 
|  91|0x0000000085b00000, 0x0000000085c00000, 0x0000000085c00000|100%| O|  |TAMS 0x0000000085c00000, 0x0000000085b00000| Untracked 
|  92|0x0000000085c00000, 0x0000000085d00000, 0x0000000085d00000|100%| O|  |TAMS 0x0000000085d00000, 0x0000000085c00000| Untracked 
|  93|0x0000000085d00000, 0x0000000085e00000, 0x0000000085e00000|100%| O|  |TAMS 0x0000000085e00000, 0x0000000085d00000| Untracked 
|  94|0x0000000085e00000, 0x0000000085f00000, 0x0000000085f00000|100%| O|  |TAMS 0x0000000085f00000, 0x0000000085e00000| Untracked 
|  95|0x0000000085f00000, 0x0000000086000000, 0x0000000086000000|100%| O|  |TAMS 0x0000000086000000, 0x0000000085f00000| Untracked 
|  96|0x0000000086000000, 0x0000000086100000, 0x0000000086100000|100%| O|  |TAMS 0x0000000086100000, 0x0000000086000000| Untracked 
|  97|0x0000000086100000, 0x0000000086200000, 0x0000000086200000|100%| O|  |TAMS 0x0000000086200000, 0x0000000086100000| Untracked 
|  98|0x0000000086200000, 0x0000000086300000, 0x0000000086300000|100%| O|  |TAMS 0x0000000086300000, 0x0000000086200000| Untracked 
|  99|0x0000000086300000, 0x0000000086400000, 0x0000000086400000|100%| O|  |TAMS 0x0000000086400000, 0x0000000086300000| Untracked 
| 100|0x0000000086400000, 0x0000000086500000, 0x0000000086500000|100%| O|  |TAMS 0x0000000086500000, 0x0000000086400000| Untracked 
| 101|0x0000000086500000, 0x0000000086600000, 0x0000000086600000|100%| O|  |TAMS 0x0000000086600000, 0x0000000086500000| Untracked 
| 102|0x0000000086600000, 0x0000000086700000, 0x0000000086700000|100%| O|  |TAMS 0x0000000086700000, 0x0000000086600000| Untracked 
| 103|0x0000000086700000, 0x0000000086800000, 0x0000000086800000|100%| O|  |TAMS 0x0000000086800000, 0x0000000086700000| Untracked 
| 104|0x0000000086800000, 0x0000000086800000, 0x0000000086900000|  0%| F|  |TAMS 0x0000000086800000, 0x0000000086800000| Untracked 
| 105|0x0000000086900000, 0x0000000086a00000, 0x0000000086a00000|100%| O|  |TAMS 0x0000000086a00000, 0x0000000086900000| Untracked 
| 106|0x0000000086a00000, 0x0000000086b00000, 0x0000000086b00000|100%| O|  |TAMS 0x0000000086b00000, 0x0000000086a00000| Untracked 
| 107|0x0000000086b00000, 0x0000000086c00000, 0x0000000086c00000|100%| O|  |TAMS 0x0000000086c00000, 0x0000000086b00000| Untracked 
| 108|0x0000000086c00000, 0x0000000086d00000, 0x0000000086d00000|100%| O|  |TAMS 0x0000000086d00000, 0x0000000086c00000| Untracked 
| 109|0x0000000086d00000, 0x0000000086e00000, 0x0000000086e00000|100%| O|  |TAMS 0x0000000086e00000, 0x0000000086d00000| Untracked 
| 110|0x0000000086e00000, 0x0000000086f00000, 0x0000000086f00000|100%| O|  |TAMS 0x0000000086f00000, 0x0000000086e00000| Untracked 
| 111|0x0000000086f00000, 0x0000000087000000, 0x0000000087000000|100%| O|  |TAMS 0x0000000087000000, 0x0000000086f00000| Untracked 
| 112|0x0000000087000000, 0x0000000087100000, 0x0000000087100000|100%| O|  |TAMS 0x0000000087100000, 0x0000000087000000| Untracked 
| 113|0x0000000087100000, 0x0000000087200000, 0x0000000087200000|100%| O|  |TAMS 0x0000000087200000, 0x0000000087100000| Untracked 
| 114|0x0000000087200000, 0x00000000872cd000, 0x0000000087300000| 80%| O|  |TAMS 0x00000000872cd000, 0x0000000087200000| Untracked 
| 115|0x0000000087300000, 0x0000000087300000, 0x0000000087400000|  0%| F|  |TAMS 0x0000000087300000, 0x0000000087300000| Untracked 
| 116|0x0000000087400000, 0x0000000087400000, 0x0000000087500000|  0%| F|  |TAMS 0x0000000087400000, 0x0000000087400000| Untracked 
| 117|0x0000000087500000, 0x0000000087500000, 0x0000000087600000|  0%| F|  |TAMS 0x0000000087500000, 0x0000000087500000| Untracked 
| 118|0x0000000087600000, 0x0000000087600000, 0x0000000087700000|  0%| F|  |TAMS 0x0000000087600000, 0x0000000087600000| Untracked 
| 119|0x0000000087700000, 0x0000000087700000, 0x0000000087800000|  0%| F|  |TAMS 0x0000000087700000, 0x0000000087700000| Untracked 
| 120|0x0000000087800000, 0x0000000087800000, 0x0000000087900000|  0%| F|  |TAMS 0x0000000087800000, 0x0000000087800000| Untracked 
| 121|0x0000000087900000, 0x0000000087900000, 0x0000000087a00000|  0%| F|  |TAMS 0x0000000087900000, 0x0000000087900000| Untracked 
| 122|0x0000000087a00000, 0x0000000087a00000, 0x0000000087b00000|  0%| F|  |TAMS 0x0000000087a00000, 0x0000000087a00000| Untracked 
| 123|0x0000000087b00000, 0x0000000087b00000, 0x0000000087c00000|  0%| F|  |TAMS 0x0000000087b00000, 0x0000000087b00000| Untracked 
| 124|0x0000000087c00000, 0x0000000087c00000, 0x0000000087d00000|  0%| F|  |TAMS 0x0000000087c00000, 0x0000000087c00000| Untracked 
| 125|0x0000000087d00000, 0x0000000087d00000, 0x0000000087e00000|  0%| F|  |TAMS 0x0000000087d00000, 0x0000000087d00000| Untracked 
| 126|0x0000000087e00000, 0x0000000087e00000, 0x0000000087f00000|  0%| F|  |TAMS 0x0000000087e00000, 0x0000000087e00000| Untracked 
| 127|0x0000000087f00000, 0x0000000087f00000, 0x0000000088000000|  0%| F|  |TAMS 0x0000000087f00000, 0x0000000087f00000| Untracked 
| 128|0x0000000088000000, 0x0000000088000000, 0x0000000088100000|  0%| F|  |TAMS 0x0000000088000000, 0x0000000088000000| Untracked 
| 129|0x0000000088100000, 0x0000000088100000, 0x0000000088200000|  0%| F|  |TAMS 0x0000000088100000, 0x0000000088100000| Untracked 
| 130|0x0000000088200000, 0x0000000088200000, 0x0000000088300000|  0%| F|  |TAMS 0x0000000088200000, 0x0000000088200000| Untracked 
| 131|0x0000000088300000, 0x0000000088300000, 0x0000000088400000|  0%| F|  |TAMS 0x0000000088300000, 0x0000000088300000| Untracked 
| 132|0x0000000088400000, 0x0000000088400000, 0x0000000088500000|  0%| F|  |TAMS 0x0000000088400000, 0x0000000088400000| Untracked 
| 133|0x0000000088500000, 0x0000000088500000, 0x0000000088600000|  0%| F|  |TAMS 0x0000000088500000, 0x0000000088500000| Untracked 
| 134|0x0000000088600000, 0x0000000088600000, 0x0000000088700000|  0%| F|  |TAMS 0x0000000088600000, 0x0000000088600000| Untracked 
| 135|0x0000000088700000, 0x0000000088700000, 0x0000000088800000|  0%| F|  |TAMS 0x0000000088700000, 0x0000000088700000| Untracked 
| 136|0x0000000088800000, 0x0000000088800000, 0x0000000088900000|  0%| F|  |TAMS 0x0000000088800000, 0x0000000088800000| Untracked 
| 137|0x0000000088900000, 0x0000000088900000, 0x0000000088a00000|  0%| F|  |TAMS 0x0000000088900000, 0x0000000088900000| Untracked 
| 138|0x0000000088a00000, 0x0000000088a00000, 0x0000000088b00000|  0%| F|  |TAMS 0x0000000088a00000, 0x0000000088a00000| Untracked 
| 139|0x0000000088b00000, 0x0000000088b00000, 0x0000000088c00000|  0%| F|  |TAMS 0x0000000088b00000, 0x0000000088b00000| Untracked 
| 140|0x0000000088c00000, 0x0000000088c00000, 0x0000000088d00000|  0%| F|  |TAMS 0x0000000088c00000, 0x0000000088c00000| Untracked 
| 141|0x0000000088d00000, 0x0000000088d00000, 0x0000000088e00000|  0%| F|  |TAMS 0x0000000088d00000, 0x0000000088d00000| Untracked 
| 142|0x0000000088e00000, 0x0000000088e00000, 0x0000000088f00000|  0%| F|  |TAMS 0x0000000088e00000, 0x0000000088e00000| Untracked 
| 143|0x0000000088f00000, 0x0000000088f00000, 0x0000000089000000|  0%| F|  |TAMS 0x0000000088f00000, 0x0000000088f00000| Untracked 
| 144|0x0000000089000000, 0x0000000089000000, 0x0000000089100000|  0%| F|  |TAMS 0x0000000089000000, 0x0000000089000000| Untracked 
| 145|0x0000000089100000, 0x0000000089100000, 0x0000000089200000|  0%| F|  |TAMS 0x0000000089100000, 0x0000000089100000| Untracked 
| 146|0x0000000089200000, 0x0000000089200000, 0x0000000089300000|  0%| F|  |TAMS 0x0000000089200000, 0x0000000089200000| Untracked 
| 147|0x0000000089300000, 0x0000000089300000, 0x0000000089400000|  0%| F|  |TAMS 0x0000000089300000, 0x0000000089300000| Untracked 
| 148|0x0000000089400000, 0x0000000089400000, 0x0000000089500000|  0%| F|  |TAMS 0x0000000089400000, 0x0000000089400000| Untracked 
| 149|0x0000000089500000, 0x0000000089500000, 0x0000000089600000|  0%| F|  |TAMS 0x0000000089500000, 0x0000000089500000| Untracked 
| 150|0x0000000089600000, 0x0000000089600000, 0x0000000089700000|  0%| F|  |TAMS 0x0000000089600000, 0x0000000089600000| Untracked 
| 151|0x0000000089700000, 0x0000000089700000, 0x0000000089800000|  0%| F|  |TAMS 0x0000000089700000, 0x0000000089700000| Untracked 
| 152|0x0000000089800000, 0x0000000089800000, 0x0000000089900000|  0%| F|  |TAMS 0x0000000089800000, 0x0000000089800000| Untracked 
| 153|0x0000000089900000, 0x0000000089900000, 0x0000000089a00000|  0%| F|  |TAMS 0x0000000089900000, 0x0000000089900000| Untracked 
| 154|0x0000000089a00000, 0x0000000089a00000, 0x0000000089b00000|  0%| F|  |TAMS 0x0000000089a00000, 0x0000000089a00000| Untracked 
| 155|0x0000000089b00000, 0x0000000089b00000, 0x0000000089c00000|  0%| F|  |TAMS 0x0000000089b00000, 0x0000000089b00000| Untracked 
| 156|0x0000000089c00000, 0x0000000089c00000, 0x0000000089d00000|  0%| F|  |TAMS 0x0000000089c00000, 0x0000000089c00000| Untracked 
| 157|0x0000000089d00000, 0x0000000089d00000, 0x0000000089e00000|  0%| F|  |TAMS 0x0000000089d00000, 0x0000000089d00000| Untracked 
| 158|0x0000000089e00000, 0x0000000089e00000, 0x0000000089f00000|  0%| F|  |TAMS 0x0000000089e00000, 0x0000000089e00000| Untracked 
| 159|0x0000000089f00000, 0x0000000089faa558, 0x000000008a000000| 66%| E|  |TAMS 0x0000000089f00000, 0x0000000089f00000| Complete 
| 160|0x000000008a000000, 0x000000008a079710, 0x000000008a100000| 47%| S|CS|TAMS 0x000000008a000000, 0x000000008a000000| Complete 
| 161|0x000000008a100000, 0x000000008a200000, 0x000000008a200000|100%| S|CS|TAMS 0x000000008a100000, 0x000000008a100000| Complete 
| 162|0x000000008a200000, 0x000000008a300000, 0x000000008a300000|100%| S|CS|TAMS 0x000000008a200000, 0x000000008a200000| Complete 
| 163|0x000000008a300000, 0x000000008a400000, 0x000000008a400000|100%| S|CS|TAMS 0x000000008a300000, 0x000000008a300000| Complete 
| 164|0x000000008a400000, 0x000000008a500000, 0x000000008a500000|100%| E|CS|TAMS 0x000000008a400000, 0x000000008a400000| Complete 
| 165|0x000000008a500000, 0x000000008a600000, 0x000000008a600000|100%| E|CS|TAMS 0x000000008a500000, 0x000000008a500000| Complete 
| 166|0x000000008a600000, 0x000000008a700000, 0x000000008a700000|100%| E|CS|TAMS 0x000000008a600000, 0x000000008a600000| Complete 
| 167|0x000000008a700000, 0x000000008a800000, 0x000000008a800000|100%| E|CS|TAMS 0x000000008a700000, 0x000000008a700000| Complete 
| 168|0x000000008a800000, 0x000000008a900000, 0x000000008a900000|100%| E|CS|TAMS 0x000000008a800000, 0x000000008a800000| Complete 
| 169|0x000000008a900000, 0x000000008aa00000, 0x000000008aa00000|100%| E|CS|TAMS 0x000000008a900000, 0x000000008a900000| Complete 
| 170|0x000000008aa00000, 0x000000008ab00000, 0x000000008ab00000|100%| E|CS|TAMS 0x000000008aa00000, 0x000000008aa00000| Complete 
| 171|0x000000008ab00000, 0x000000008ac00000, 0x000000008ac00000|100%| E|CS|TAMS 0x000000008ab00000, 0x000000008ab00000| Complete 
| 172|0x000000008ac00000, 0x000000008ad00000, 0x000000008ad00000|100%| E|CS|TAMS 0x000000008ac00000, 0x000000008ac00000| Complete 
| 173|0x000000008ad00000, 0x000000008ae00000, 0x000000008ae00000|100%| E|  |TAMS 0x000000008ad00000, 0x000000008ad00000| Complete 
| 174|0x000000008ae00000, 0x000000008af00000, 0x000000008af00000|100%| E|CS|TAMS 0x000000008ae00000, 0x000000008ae00000| Complete 
| 175|0x000000008af00000, 0x000000008b000000, 0x000000008b000000|100%| E|CS|TAMS 0x000000008af00000, 0x000000008af00000| Complete 
| 176|0x000000008b000000, 0x000000008b100000, 0x000000008b100000|100%| E|CS|TAMS 0x000000008b000000, 0x000000008b000000| Complete 
| 177|0x000000008b100000, 0x000000008b200000, 0x000000008b200000|100%| E|CS|TAMS 0x000000008b100000, 0x000000008b100000| Complete 
| 178|0x000000008b200000, 0x000000008b300000, 0x000000008b300000|100%| E|CS|TAMS 0x000000008b200000, 0x000000008b200000| Complete 
| 179|0x000000008b300000, 0x000000008b400000, 0x000000008b400000|100%| E|CS|TAMS 0x000000008b300000, 0x000000008b300000| Complete 
| 180|0x000000008b400000, 0x000000008b500000, 0x000000008b500000|100%| E|CS|TAMS 0x000000008b400000, 0x000000008b400000| Complete 
| 181|0x000000008b500000, 0x000000008b600000, 0x000000008b600000|100%| E|CS|TAMS 0x000000008b500000, 0x000000008b500000| Complete 
| 182|0x000000008b600000, 0x000000008b700000, 0x000000008b700000|100%| E|CS|TAMS 0x000000008b600000, 0x000000008b600000| Complete 
| 183|0x000000008b700000, 0x000000008b800000, 0x000000008b800000|100%| E|CS|TAMS 0x000000008b700000, 0x000000008b700000| Complete 
| 184|0x000000008b800000, 0x000000008b900000, 0x000000008b900000|100%| E|CS|TAMS 0x000000008b800000, 0x000000008b800000| Complete 
| 185|0x000000008b900000, 0x000000008ba00000, 0x000000008ba00000|100%| E|CS|TAMS 0x000000008b900000, 0x000000008b900000| Complete 
| 186|0x000000008ba00000, 0x000000008bb00000, 0x000000008bb00000|100%| E|CS|TAMS 0x000000008ba00000, 0x000000008ba00000| Complete 
| 187|0x000000008bb00000, 0x000000008bc00000, 0x000000008bc00000|100%| E|CS|TAMS 0x000000008bb00000, 0x000000008bb00000| Complete 
| 188|0x000000008bc00000, 0x000000008bd00000, 0x000000008bd00000|100%| E|CS|TAMS 0x000000008bc00000, 0x000000008bc00000| Complete 
| 189|0x000000008bd00000, 0x000000008be00000, 0x000000008be00000|100%| E|CS|TAMS 0x000000008bd00000, 0x000000008bd00000| Complete 
| 190|0x000000008be00000, 0x000000008bf00000, 0x000000008bf00000|100%| E|CS|TAMS 0x000000008be00000, 0x000000008be00000| Complete 
| 191|0x000000008bf00000, 0x000000008c000000, 0x000000008c000000|100%| E|CS|TAMS 0x000000008bf00000, 0x000000008bf00000| Complete 
| 192|0x000000008c000000, 0x000000008c100000, 0x000000008c100000|100%| E|CS|TAMS 0x000000008c000000, 0x000000008c000000| Complete 
| 193|0x000000008c100000, 0x000000008c200000, 0x000000008c200000|100%| E|CS|TAMS 0x000000008c100000, 0x000000008c100000| Complete 
| 194|0x000000008c200000, 0x000000008c300000, 0x000000008c300000|100%| E|CS|TAMS 0x000000008c200000, 0x000000008c200000| Complete 
| 195|0x000000008c300000, 0x000000008c400000, 0x000000008c400000|100%| E|CS|TAMS 0x000000008c300000, 0x000000008c300000| Complete 
| 196|0x000000008c400000, 0x000000008c500000, 0x000000008c500000|100%| E|CS|TAMS 0x000000008c400000, 0x000000008c400000| Complete 
| 197|0x000000008c500000, 0x000000008c600000, 0x000000008c600000|100%| E|CS|TAMS 0x000000008c500000, 0x000000008c500000| Complete 
| 198|0x000000008c600000, 0x000000008c700000, 0x000000008c700000|100%| E|CS|TAMS 0x000000008c600000, 0x000000008c600000| Complete 
| 199|0x000000008c700000, 0x000000008c800000, 0x000000008c800000|100%| E|CS|TAMS 0x000000008c700000, 0x000000008c700000| Complete 
| 200|0x000000008c800000, 0x000000008c900000, 0x000000008c900000|100%| E|CS|TAMS 0x000000008c800000, 0x000000008c800000| Complete 
| 201|0x000000008c900000, 0x000000008ca00000, 0x000000008ca00000|100%| E|CS|TAMS 0x000000008c900000, 0x000000008c900000| Complete 
| 202|0x000000008ca00000, 0x000000008cb00000, 0x000000008cb00000|100%| E|CS|TAMS 0x000000008ca00000, 0x000000008ca00000| Complete 
| 203|0x000000008cb00000, 0x000000008cc00000, 0x000000008cc00000|100%| E|CS|TAMS 0x000000008cb00000, 0x000000008cb00000| Complete 
| 204|0x000000008cc00000, 0x000000008cd00000, 0x000000008cd00000|100%| E|CS|TAMS 0x000000008cc00000, 0x000000008cc00000| Complete 
| 205|0x000000008cd00000, 0x000000008ce00000, 0x000000008ce00000|100%| E|CS|TAMS 0x000000008cd00000, 0x000000008cd00000| Complete 
| 206|0x000000008ce00000, 0x000000008cf00000, 0x000000008cf00000|100%| E|CS|TAMS 0x000000008ce00000, 0x000000008ce00000| Complete 
| 207|0x000000008cf00000, 0x000000008d000000, 0x000000008d000000|100%| E|CS|TAMS 0x000000008cf00000, 0x000000008cf00000| Complete 
| 208|0x000000008d000000, 0x000000008d100000, 0x000000008d100000|100%| E|CS|TAMS 0x000000008d000000, 0x000000008d000000| Complete 
| 209|0x000000008d100000, 0x000000008d200000, 0x000000008d200000|100%| E|CS|TAMS 0x000000008d100000, 0x000000008d100000| Complete 
| 210|0x000000008d200000, 0x000000008d300000, 0x000000008d300000|100%| E|CS|TAMS 0x000000008d200000, 0x000000008d200000| Complete 
| 211|0x000000008d300000, 0x000000008d400000, 0x000000008d400000|100%| E|CS|TAMS 0x000000008d300000, 0x000000008d300000| Complete 
| 212|0x000000008d400000, 0x000000008d500000, 0x000000008d500000|100%| E|CS|TAMS 0x000000008d400000, 0x000000008d400000| Complete 
| 213|0x000000008d500000, 0x000000008d600000, 0x000000008d600000|100%| E|CS|TAMS 0x000000008d500000, 0x000000008d500000| Complete 
| 214|0x000000008d600000, 0x000000008d700000, 0x000000008d700000|100%| E|CS|TAMS 0x000000008d600000, 0x000000008d600000| Complete 
| 215|0x000000008d700000, 0x000000008d800000, 0x000000008d800000|100%| E|CS|TAMS 0x000000008d700000, 0x000000008d700000| Complete 
| 216|0x000000008d800000, 0x000000008d900000, 0x000000008d900000|100%| E|CS|TAMS 0x000000008d800000, 0x000000008d800000| Complete 
| 217|0x000000008d900000, 0x000000008da00000, 0x000000008da00000|100%| E|CS|TAMS 0x000000008d900000, 0x000000008d900000| Complete 
| 218|0x000000008da00000, 0x000000008db00000, 0x000000008db00000|100%| E|CS|TAMS 0x000000008da00000, 0x000000008da00000| Complete 

Card table byte_map: [0x000001a268cc0000,0x000001a2690c0000] _byte_map_base: 0x000001a2688c0000

Marking Bits (Prev, Next): (CMBitMap*) 0x000001a250c32950, (CMBitMap*) 0x000001a250c32918
 Prev Bits: [0x000001a26b4c0000, 0x000001a26d4c0000)
 Next Bits: [0x000001a2694c0000, 0x000001a26b4c0000)

Polling page: 0x000001a24eda0000

Metaspace:

Usage:
  Non-class:    112.06 MB capacity,   110.46 MB ( 99%) used,     1.29 MB (  1%) free+waste,   320.19 KB ( <1%) overhead. 
      Class:     16.59 MB capacity,    15.53 MB ( 94%) used,   934.67 KB (  6%) free+waste,   148.31 KB ( <1%) overhead. 
       Both:    128.65 MB capacity,   125.99 MB ( 98%) used,     2.20 MB (  2%) free+waste,   468.50 KB ( <1%) overhead. 

Virtual space:
  Non-class space:      114.00 MB reserved,     112.08 MB ( 98%) committed 
      Class space:      504.00 MB reserved,      16.63 MB (  3%) committed 
             Both:      618.00 MB reserved,     128.70 MB ( 21%) committed 

Chunk freelists:
   Non-Class:  20.00 KB
       Class:  4.00 KB
        Both:  24.00 KB

MaxMetaspaceSize: 512.00 MB
CompressedClassSpaceSize: 504.00 MB
Initial GC threshold: 20.80 MB
Current GC threshold: 209.09 MB
CDS: off

CodeHeap 'non-profiled nmethods': size=120000Kb used=7734Kb max_used=7734Kb free=112265Kb
 bounds [0x000001a260e40000, 0x000001a2615d0000, 0x000001a268370000]
CodeHeap 'profiled nmethods': size=120000Kb used=31205Kb max_used=31205Kb free=88794Kb
 bounds [0x000001a259910000, 0x000001a25b790000, 0x000001a260e40000]
CodeHeap 'non-nmethods': size=5760Kb used=2502Kb max_used=2593Kb free=3258Kb
 bounds [0x000001a259370000, 0x000001a259600000, 0x000001a259910000]
 total_blobs=14199 nmethods=13146 adapters=962
 compilation: enabled
              stopped_count=0, restarted_count=0
 full_count=0

Compilation events (20 events):
Event: 16.856 Thread 0x000001a277aa6000 nmethod 13192 0x000001a2615c2c10 code [0x000001a2615c2da0, 0x000001a2615c2df8]
Event: 16.857 Thread 0x000001a277aa6000 13199       4       kotlin.reflect.jvm.internal.impl.protobuf.CodedOutputStream::writeRawByte (43 bytes)
Event: 16.858 Thread 0x000001a277aa6000 nmethod 13199 0x000001a2615c2f10 code [0x000001a2615c30a0, 0x000001a2615c3178]
Event: 16.858 Thread 0x000001a277aa6000 13200       4       kotlin.reflect.jvm.internal.impl.protobuf.CodedOutputStream::computeRawVarint32Size (39 bytes)
Event: 16.858 Thread 0x000001a277aa6000 nmethod 13200 0x000001a2615c3290 code [0x000001a2615c3420, 0x000001a2615c3498]
Event: 16.859 Thread 0x000001a277aa6000 13202       4       kotlin.reflect.jvm.internal.impl.protobuf.CodedOutputStream::writeRawVarint32 (33 bytes)
Event: 16.860 Thread 0x000001a277aa6000 nmethod 13202 0x000001a2615c3590 code [0x000001a2615c3720, 0x000001a2615c38f8]
Event: 16.860 Thread 0x000001a277aa6000 13206       4       kotlin.reflect.jvm.internal.impl.protobuf.CodedOutputStream::writeRawByte (7 bytes)
Event: 16.861 Thread 0x000001a277aa6000 nmethod 13206 0x000001a2615c3a90 code [0x000001a2615c3c20, 0x000001a2615c3cf8]
Event: 16.861 Thread 0x000001a277aa6000 13201       4       kotlin.reflect.jvm.internal.impl.protobuf.SmallSortedMap::getNumArrayEntries (10 bytes)
Event: 16.862 Thread 0x000001a277aa6000 nmethod 13201 0x000001a2615c3e10 code [0x000001a2615c3fa0, 0x000001a2615c4038]
Event: 16.862 Thread 0x000001a277aa6000 13209       4       kotlin.collections.CollectionsKt__MutableCollectionsKt::addAll (74 bytes)
Event: 16.864 Thread 0x000001a277aa6000 nmethod 13209 0x000001a2615c4110 code [0x000001a2615c42c0, 0x000001a2615c44e8]
Event: 16.866 Thread 0x000001a277aa6000 13210       4       kotlin.reflect.jvm.internal.impl.protobuf.CodedOutputStream::flush (12 bytes)
Event: 16.871 Thread 0x000001a277aa6000 nmethod 13210 0x000001a2615c4790 code [0x000001a2615c4960, 0x000001a2615c52b8]
Event: 16.871 Thread 0x000001a277aa6000 13217       4       kotlin.reflect.jvm.internal.impl.protobuf.CodedInputStream::readRawVarint32 (233 bytes)
Event: 16.874 Thread 0x000001a277aa6000 nmethod 13217 0x000001a2615c5690 code [0x000001a2615c5840, 0x000001a2615c5ae8]
Event: 16.874 Thread 0x000001a277aa6000 13215       4       kotlin.reflect.jvm.internal.impl.protobuf.ByteString::newOutput (11 bytes)
Event: 16.877 Thread 0x000001a277aa6000 nmethod 13215 0x000001a2615c5d10 code [0x000001a2615c5ec0, 0x000001a2615c62b8]
Event: 16.877 Thread 0x000001a277aa6000 13221       4       java.util.HashMap::put (13 bytes)

GC Heap History (20 events):
Event: 13.401 GC heap before
{Heap before GC invocations=23 (full 0):
 garbage-first heap   total 186368K, used 119640K [0x0000000080000000, 0x0000000100000000)
  region size 1024K, 40 young (40960K), 3 survivors (3072K)
 Metaspace       used 110428K, capacity 112421K, committed 112720K, reserved 614400K
  class space    used 13676K, capacity 14510K, committed 14592K, reserved 516096K
}
Event: 13.405 GC heap after
{Heap after GC invocations=24 (full 0):
 garbage-first heap   total 186368K, used 84638K [0x0000000080000000, 0x0000000100000000)
  region size 1024K, 5 young (5120K), 5 survivors (5120K)
 Metaspace       used 110428K, capacity 112421K, committed 112720K, reserved 614400K
  class space    used 13676K, capacity 14510K, committed 14592K, reserved 516096K
}
Event: 14.166 GC heap before
{Heap before GC invocations=25 (full 0):
 garbage-first heap   total 186368K, used 154270K [0x0000000080000000, 0x0000000100000000)
  region size 1024K, 69 young (70656K), 5 survivors (5120K)
 Metaspace       used 116975K, capacity 119150K, committed 119376K, reserved 620544K
  class space    used 14601K, capacity 15498K, committed 15616K, reserved 516096K
}
Event: 14.170 GC heap after
{Heap after GC invocations=26 (full 0):
 garbage-first heap   total 186368K, used 92570K [0x0000000080000000, 0x0000000100000000)
  region size 1024K, 8 young (8192K), 8 survivors (8192K)
 Metaspace       used 116975K, capacity 119150K, committed 119376K, reserved 620544K
  class space    used 14601K, capacity 15498K, committed 15616K, reserved 516096K
}
Event: 14.181 GC heap before
{Heap before GC invocations=26 (full 0):
 garbage-first heap   total 186368K, used 93594K [0x0000000080000000, 0x0000000100000000)
  region size 1024K, 9 young (9216K), 8 survivors (8192K)
 Metaspace       used 117081K, capacity 119289K, committed 119376K, reserved 620544K
  class space    used 14622K, capacity 15546K, committed 15616K, reserved 516096K
}
Event: 14.185 GC heap after
{Heap after GC invocations=27 (full 0):
 garbage-first heap   total 186368K, used 89229K [0x0000000080000000, 0x0000000100000000)
  region size 1024K, 2 young (2048K), 2 survivors (2048K)
 Metaspace       used 117081K, capacity 119289K, committed 119376K, reserved 620544K
  class space    used 14622K, capacity 15546K, committed 15616K, reserved 516096K
}
Event: 14.566 GC heap before
{Heap before GC invocations=27 (full 0):
 garbage-first heap   total 186368K, used 150669K [0x0000000080000000, 0x0000000100000000)
  region size 1024K, 63 young (64512K), 2 survivors (2048K)
 Metaspace       used 118636K, capacity 120847K, committed 121040K, reserved 622592K
  class space    used 14797K, capacity 15734K, committed 15744K, reserved 516096K
}
Event: 14.584 GC heap after
{Heap after GC invocations=28 (full 0):
 garbage-first heap   total 186368K, used 100877K [0x0000000080000000, 0x0000000100000000)
  region size 1024K, 8 young (8192K), 8 survivors (8192K)
 Metaspace       used 118636K, capacity 120847K, committed 121040K, reserved 622592K
  class space    used 14797K, capacity 15734K, committed 15744K, reserved 516096K
}
Event: 14.741 GC heap before
{Heap before GC invocations=29 (full 0):
 garbage-first heap   total 186368K, used 150029K [0x0000000080000000, 0x0000000100000000)
  region size 1024K, 55 young (56320K), 8 survivors (8192K)
 Metaspace       used 118835K, capacity 121032K, committed 121296K, reserved 622592K
  class space    used 14795K, capacity 15731K, committed 15744K, reserved 516096K
}
Event: 14.747 GC heap after
{Heap after GC invocations=30 (full 0):
 garbage-first heap   total 186368K, used 106961K [0x0000000080000000, 0x0000000100000000)
  region size 1024K, 6 young (6144K), 6 survivors (6144K)
 Metaspace       used 118835K, capacity 121032K, committed 121296K, reserved 622592K
  class space    used 14795K, capacity 15731K, committed 15744K, reserved 516096K
}
Event: 14.762 GC heap before
{Heap before GC invocations=30 (full 0):
 garbage-first heap   total 186368K, used 110033K [0x0000000080000000, 0x0000000100000000)
  region size 1024K, 9 young (9216K), 6 survivors (6144K)
 Metaspace       used 118878K, capacity 121108K, committed 121296K, reserved 622592K
  class space    used 14799K, capacity 15733K, committed 15744K, reserved 516096K
}
Event: 14.765 GC heap after
{Heap after GC invocations=31 (full 0):
 garbage-first heap   total 186368K, used 106699K [0x0000000080000000, 0x0000000100000000)
  region size 1024K, 2 young (2048K), 2 survivors (2048K)
 Metaspace       used 118878K, capacity 121108K, committed 121296K, reserved 622592K
  class space    used 14799K, capacity 15733K, committed 15744K, reserved 516096K
}
Event: 15.085 GC heap before
{Heap before GC invocations=31 (full 0):
 garbage-first heap   total 186368K, used 150731K [0x0000000080000000, 0x0000000100000000)
  region size 1024K, 45 young (46080K), 2 survivors (2048K)
 Metaspace       used 119647K, capacity 121867K, committed 122192K, reserved 622592K
  class space    used 14845K, capacity 15770K, committed 15872K, reserved 516096K
}
Event: 15.090 GC heap after
{Heap after GC invocations=32 (full 0):
 garbage-first heap   total 186368K, used 110592K [0x0000000080000000, 0x0000000100000000)
  region size 1024K, 5 young (5120K), 5 survivors (5120K)
 Metaspace       used 119647K, capacity 121867K, committed 122192K, reserved 622592K
  class space    used 14845K, capacity 15770K, committed 15872K, reserved 516096K
}
Event: 15.554 GC heap before
{Heap before GC invocations=33 (full 0):
 garbage-first heap   total 186368K, used 152576K [0x0000000080000000, 0x0000000100000000)
  region size 1024K, 46 young (47104K), 5 survivors (5120K)
 Metaspace       used 121263K, capacity 123514K, committed 123728K, reserved 624640K
  class space    used 14943K, capacity 15871K, committed 15872K, reserved 516096K
}
Event: 15.559 GC heap after
{Heap after GC invocations=34 (full 0):
 garbage-first heap   total 186368K, used 116635K [0x0000000080000000, 0x0000000100000000)
  region size 1024K, 6 young (6144K), 6 survivors (6144K)
 Metaspace       used 121263K, capacity 123514K, committed 123728K, reserved 624640K
  class space    used 14943K, capacity 15871K, committed 15872K, reserved 516096K
}
Event: 15.603 GC heap before
{Heap before GC invocations=34 (full 0):
 garbage-first heap   total 186368K, used 119707K [0x0000000080000000, 0x0000000100000000)
  region size 1024K, 9 young (9216K), 6 survivors (6144K)
 Metaspace       used 121457K, capacity 123738K, committed 123856K, reserved 624640K
  class space    used 14954K, capacity 15903K, committed 16000K, reserved 516096K
}
Event: 15.608 GC heap after
{Heap after GC invocations=35 (full 0):
 garbage-first heap   total 224256K, used 115611K [0x0000000080000000, 0x0000000100000000)
  region size 1024K, 2 young (2048K), 2 survivors (2048K)
 Metaspace       used 121457K, capacity 123738K, committed 123856K, reserved 624640K
  class space    used 14954K, capacity 15903K, committed 16000K, reserved 516096K
}
Event: 16.177 GC heap before
{Heap before GC invocations=35 (full 0):
 garbage-first heap   total 224256K, used 168859K [0x0000000080000000, 0x0000000100000000)
  region size 1024K, 55 young (56320K), 2 survivors (2048K)
 Metaspace       used 125485K, capacity 127966K, committed 128208K, reserved 628736K
  class space    used 15416K, capacity 16433K, committed 16512K, reserved 516096K
}
Event: 16.181 GC heap after
{Heap after GC invocations=36 (full 0):
 garbage-first heap   total 224256K, used 111897K [0x0000000080000000, 0x0000000100000000)
  region size 1024K, 4 young (4096K), 4 survivors (4096K)
 Metaspace       used 125485K, capacity 127966K, committed 128208K, reserved 628736K
  class space    used 15416K, capacity 16433K, committed 16512K, reserved 516096K
}

Deoptimization events (20 events):
Event: 16.721 Thread 0x000001a27e4bb800 DEOPT PACKING pc=0x000001a261571e68 sp=0x0000005b938fdef0
Event: 16.721 Thread 0x000001a27e4bb800 DEOPT UNPACKING pc=0x000001a2593ba1af sp=0x0000005b938fdde0 mode 2
Event: 16.755 Thread 0x000001a2740d5000 DEOPT PACKING pc=0x000001a25abf5fbd sp=0x0000005b8fcfe400
Event: 16.755 Thread 0x000001a2740d5000 DEOPT UNPACKING pc=0x000001a2593ba95e sp=0x0000005b8fcfd8c0 mode 0
Event: 16.762 Thread 0x000001a278841000 Uncommon trap: trap_request=0xffffff4d fr.pc=0x000001a260ea09d0 relative=0x0000000000000510
Event: 16.762 Thread 0x000001a278841000 Uncommon trap: reason=unstable_if action=reinterpret pc=0x000001a260ea09d0 method=java.lang.StringLatin1.compareToCI([B[B)I @ 68 c2
Event: 16.762 Thread 0x000001a278841000 DEOPT PACKING pc=0x000001a260ea09d0 sp=0x0000005b932fade0
Event: 16.762 Thread 0x000001a278841000 DEOPT UNPACKING pc=0x000001a2593ba1af sp=0x0000005b932facd8 mode 2
Event: 16.762 Thread 0x000001a278841000 Uncommon trap: trap_request=0xffffffc6 fr.pc=0x000001a2615125ac relative=0x000000000000080c
Event: 16.762 Thread 0x000001a278841000 Uncommon trap: reason=bimorphic_or_optimized_type_check action=maybe_recompile pc=0x000001a2615125ac method=java.util.stream.MatchOps$MatchOp.evaluateSequential(Ljava/util/stream/PipelineHelper;Ljava/util/Spliterator;)Ljava/lang/Boolean; @ 14 c2
Event: 16.762 Thread 0x000001a278841000 DEOPT PACKING pc=0x000001a2615125ac sp=0x0000005b932fa4e0
Event: 16.762 Thread 0x000001a278841000 DEOPT UNPACKING pc=0x000001a2593ba1af sp=0x0000005b932fa408 mode 2
Event: 16.764 Thread 0x000001a278841000 Uncommon trap: trap_request=0xffffff4d fr.pc=0x000001a2613f06a4 relative=0x00000000000002c4
Event: 16.764 Thread 0x000001a278841000 Uncommon trap: reason=unstable_if action=reinterpret pc=0x000001a2613f06a4 method=org.gradle.internal.file.FileHierarchySet$Node.isChildOfOrThis(Ljava/lang/String;I)Z @ 89 c2
Event: 16.764 Thread 0x000001a278841000 DEOPT PACKING pc=0x000001a2613f06a4 sp=0x0000005b932fa690
Event: 16.764 Thread 0x000001a278841000 DEOPT UNPACKING pc=0x000001a2593ba1af sp=0x0000005b932fa618 mode 2
Event: 16.776 Thread 0x000001a278841000 Uncommon trap: trap_request=0xffffff4d fr.pc=0x000001a260e9d8b8 relative=0x0000000000000478
Event: 16.776 Thread 0x000001a278841000 Uncommon trap: reason=unstable_if action=reinterpret pc=0x000001a260e9d8b8 method=java.lang.StringLatin1.compareToCI([B[B)I @ 68 c2
Event: 16.776 Thread 0x000001a278841000 DEOPT PACKING pc=0x000001a260e9d8b8 sp=0x0000005b932fb920
Event: 16.776 Thread 0x000001a278841000 DEOPT UNPACKING pc=0x000001a2593ba1af sp=0x0000005b932fb8a8 mode 2

Classes redefined (0 events):
No events

Internal exceptions (20 events):
Event: 16.056 Thread 0x000001a271e3e800 Exception <a 'java/lang/ClassNotFoundException'{0x000000008b5d4c50}: org/gradle/api/internal/artifacts/dsl/DefaultRepositoryHandlerBeanInfo> (0x000000008b5d4c50) thrown at [s\src\hotspot\share\classfile\systemDictionary.cpp, line 230]
Event: 16.056 Thread 0x000001a271e3e800 Exception <a 'java/lang/ClassNotFoundException'{0x000000008b415130}: org/gradle/api/internal/artifacts/DefaultArtifactRepositoryContainerBeanInfo> (0x000000008b415130) thrown at [s\src\hotspot\share\classfile\systemDictionary.cpp, line 230]
Event: 16.057 Thread 0x000001a271e3e800 Exception <a 'java/lang/ClassNotFoundException'{0x000000008b441bf0}: org/gradle/api/internal/DefaultNamedDomainObjectListBeanInfo> (0x000000008b441bf0) thrown at [s\src\hotspot\share\classfile\systemDictionary.cpp, line 230]
Event: 16.057 Thread 0x000001a271e3e800 Exception <a 'java/lang/ClassNotFoundException'{0x000000008b46fd58}: org/gradle/api/internal/DefaultNamedDomainObjectCollectionBeanInfo> (0x000000008b46fd58) thrown at [s\src\hotspot\share\classfile\systemDictionary.cpp, line 230]
Event: 16.057 Thread 0x000001a271e3e800 Exception <a 'java/lang/ClassNotFoundException'{0x000000008b49ce68}: org/gradle/api/internal/DefaultDomainObjectCollectionBeanInfo> (0x000000008b49ce68) thrown at [s\src\hotspot\share\classfile\systemDictionary.cpp, line 230]
Event: 16.058 Thread 0x000001a271e3e800 Exception <a 'java/lang/ClassNotFoundException'{0x000000008b4ca180}: org/gradle/api/internal/DefaultDomainObjectCollectionCustomizer> (0x000000008b4ca180) thrown at [s\src\hotspot\share\classfile\systemDictionary.cpp, line 230]
Event: 16.059 Thread 0x000001a271e3e800 Exception <a 'java/lang/ClassNotFoundException'{0x000000008b3159b8}: org/gradle/api/internal/DefaultNamedDomainObjectCollectionCustomizer> (0x000000008b3159b8) thrown at [s\src\hotspot\share\classfile\systemDictionary.cpp, line 230]
Event: 16.060 Thread 0x000001a271e3e800 Exception <a 'java/lang/ClassNotFoundException'{0x000000008b3681b0}: org/gradle/api/internal/DefaultNamedDomainObjectListCustomizer> (0x000000008b3681b0) thrown at [s\src\hotspot\share\classfile\systemDictionary.cpp, line 230]
Event: 16.060 Thread 0x000001a271e3e800 Exception <a 'java/lang/ClassNotFoundException'{0x000000008b3c1b80}: org/gradle/api/internal/artifacts/DefaultArtifactRepositoryContainerCustomizer> (0x000000008b3c1b80) thrown at [s\src\hotspot\share\classfile\systemDictionary.cpp, line 230]
Event: 16.061 Thread 0x000001a271e3e800 Exception <a 'java/lang/ClassNotFoundException'{0x000000008b010048}: org/gradle/api/internal/artifacts/dsl/DefaultRepositoryHandlerCustomizer> (0x000000008b010048) thrown at [s\src\hotspot\share\classfile\systemDictionary.cpp, line 230]
Event: 16.062 Thread 0x000001a271e3e800 Exception <a 'java/lang/ClassNotFoundException'{0x000000008b070d90}: org/gradle/api/internal/artifacts/dsl/DefaultRepositoryHandler_DecoratedCustomizer> (0x000000008b070d90) thrown at [s\src\hotspot\share\classfile\systemDictionary.cpp, line 230]
Event: 16.068 Thread 0x000001a271e3e800 Exception <a 'java/lang/ClassNotFoundException'{0x000000008af42810}: org/gradle/api/internal/artifacts/dsl/dependencies/DefaultDependencyHandler_DecoratedBeanInfo> (0x000000008af42810) thrown at [s\src\hotspot\share\classfile\systemDictionary.cpp, line 230]
Event: 16.068 Thread 0x000001a271e3e800 Exception <a 'java/lang/ClassNotFoundException'{0x000000008af84c80}: org/gradle/api/internal/artifacts/dsl/dependencies/DefaultDependencyHandlerBeanInfo> (0x000000008af84c80) thrown at [s\src\hotspot\share\classfile\systemDictionary.cpp, line 230]
Event: 16.069 Thread 0x000001a271e3e800 Exception <a 'java/lang/ClassNotFoundException'{0x000000008afc6ad8}: org/gradle/api/internal/artifacts/dsl/dependencies/DefaultDependencyHandlerCustomizer> (0x000000008afc6ad8) thrown at [s\src\hotspot\share\classfile\systemDictionary.cpp, line 230]
Event: 16.071 Thread 0x000001a271e3e800 Exception <a 'java/lang/ClassNotFoundException'{0x000000008ae31c48}: org/gradle/api/internal/artifacts/dsl/dependencies/DefaultDependencyHandler_DecoratedCustomizer> (0x000000008ae31c48) thrown at [s\src\hotspot\share\classfile\systemDictionary.cpp, line 230]
Event: 16.477 Thread 0x000001a271e3e800 Exception <a 'java/lang/NoSuchMethodError'{0x000000008c74bae8}: 'java.lang.Object java.lang.invoke.Invokers$Holder.linkToTargetMethod(java.lang.Object, java.lang.Object, java.lang.Object, java.lang.Object, java.lang.Object, java.lang.Object, java.lang.Object, java.lang.Object, java.lang.Object)'> (0x000000008c74bae8) thrown at [s\src\hotspot\share\interpreter\linkResolver.cpp, line 773]
Event: 16.672 Thread 0x000001a278841000 Exception <a 'java/lang/NoSuchMethodError'{0x000000008b7ccc08}: 'java.lang.Object java.lang.invoke.DirectMethodHandle$Holder.invokeStatic(java.lang.Object, java.lang.Object, java.lang.Object, java.lang.Object, int, java.lang.Object)'> (0x000000008b7ccc08) thrown at [s\src\hotspot\share\interpreter\linkResolver.cpp, line 773]
Event: 16.672 Thread 0x000001a278841000 Exception <a 'java/lang/NoSuchMethodError'{0x000000008b7d0468}: 'java.lang.Object java.lang.invoke.Invokers$Holder.linkToTargetMethod(java.lang.Object, java.lang.Object, java.lang.Object, int, java.lang.Object, java.lang.Object)'> (0x000000008b7d0468) thrown at [s\src\hotspot\share\interpreter\linkResolver.cpp, line 773]
Event: 16.683 Thread 0x000001a278841000 Exception <a 'java/lang/NoSuchMethodError'{0x000000008b652e70}: 'void java.lang.invoke.DirectMethodHandle$Holder.invokeInterface(java.lang.Object, java.lang.Object, java.lang.Object, java.lang.Object)'> (0x000000008b652e70) thrown at [s\src\hotspot\share\interpreter\linkResolver.cpp, line 773]
Event: 16.736 Thread 0x000001a278841000 Exception <a 'java/lang/NoSuchMethodError'{0x000000008b47c140}: 'int java.lang.invoke.DirectMethodHandle$Holder.invokeSpecial(java.lang.Object, java.lang.Object, java.lang.Object, java.lang.Object, java.lang.Object)'> (0x000000008b47c140) thrown at [s\src\hotspot\share\interpreter\linkResolver.cpp, line 773]

Events (20 events):
Event: 16.864 loading class kotlin/reflect/jvm/internal/impl/types/AbstractTypeConstructor$supertypes$3$resultWithoutCycles$1
Event: 16.864 loading class kotlin/reflect/jvm/internal/impl/types/AbstractTypeConstructor$supertypes$3$resultWithoutCycles$1 done
Event: 16.865 loading class kotlin/reflect/jvm/internal/impl/types/AbstractTypeConstructor$supertypes$3$resultWithoutCycles$2
Event: 16.865 loading class kotlin/reflect/jvm/internal/impl/types/AbstractTypeConstructor$supertypes$3$resultWithoutCycles$2 done
Event: 16.868 Executing VM operation: RevokeBias
Event: 16.869 Executing VM operation: RevokeBias done
Event: 16.869 Executing VM operation: RevokeBias
Event: 16.869 Executing VM operation: RevokeBias done
Event: 16.875 loading class kotlin/Any
Event: 16.875 loading class kotlin/Any done
Event: 16.875 loading class kotlin/Any
Event: 16.875 loading class kotlin/Any done
Event: 16.876 loading class kotlin/reflect/jvm/internal/impl/util/collectionUtils/ScopeUtilsKt
Event: 16.876 loading class kotlin/reflect/jvm/internal/impl/util/collectionUtils/ScopeUtilsKt done
Event: 16.878 loading class kotlin/reflect/jvm/internal/impl/load/java/lazy/descriptors/ClassDeclaredMemberIndex
Event: 16.878 loading class kotlin/reflect/jvm/internal/impl/load/java/lazy/descriptors/ClassDeclaredMemberIndex done
Event: 16.878 loading class kotlin/reflect/jvm/internal/impl/load/java/lazy/descriptors/DeclaredMemberIndex
Event: 16.878 loading class kotlin/reflect/jvm/internal/impl/load/java/lazy/descriptors/DeclaredMemberIndex done
Event: 16.879 loading class kotlin/reflect/jvm/internal/impl/load/java/lazy/descriptors/LazyJavaClassMemberScope$computeMemberIndex$1
Event: 16.879 loading class kotlin/reflect/jvm/internal/impl/load/java/lazy/descriptors/LazyJavaClassMemberScope$computeMemberIndex$1 done


Dynamic libraries:
0x00007ff66bd20000 - 0x00007ff66bd2d000 	C:\Program Files\Microsoft\jdk-11.0.20.8-hotspot\bin\java.exe
0x00007fff8f750000 - 0x00007fff8f948000 	C:\WINDOWS\SYSTEM32\ntdll.dll
0x00007fff8e890000 - 0x00007fff8e94d000 	C:\WINDOWS\System32\KERNEL32.DLL
0x00007fff8d100000 - 0x00007fff8d3f6000 	C:\WINDOWS\System32\KERNELBASE.dll
0x00007fff8d6b0000 - 0x00007fff8d7b0000 	C:\WINDOWS\System32\ucrtbase.dll
0x00007fff7e440000 - 0x00007fff7e455000 	C:\Program Files\Microsoft\jdk-11.0.20.8-hotspot\bin\VCRUNTIME140.dll
0x00007fff7e420000 - 0x00007fff7e437000 	C:\Program Files\Microsoft\jdk-11.0.20.8-hotspot\bin\jli.dll
0x00007fff8d820000 - 0x00007fff8d9be000 	C:\WINDOWS\System32\USER32.dll
0x00007fff78280000 - 0x00007fff7851a000 	C:\WINDOWS\WinSxS\amd64_microsoft.windows.common-controls_6595b64144ccf1df_6.0.19041.3636_none_60b6a03d71f818d5\COMCTL32.dll
0x00007fff8d400000 - 0x00007fff8d422000 	C:\WINDOWS\System32\win32u.dll
0x00007fff8e950000 - 0x00007fff8e9ee000 	C:\WINDOWS\System32\msvcrt.dll
0x00007fff8f5a0000 - 0x00007fff8f5cc000 	C:\WINDOWS\System32\GDI32.dll
0x00007fff8ce30000 - 0x00007fff8cf4a000 	C:\WINDOWS\System32\gdi32full.dll
0x00007fff8cf50000 - 0x00007fff8cfed000 	C:\WINDOWS\System32\msvcp_win.dll
0x00007fff8f370000 - 0x00007fff8f3a0000 	C:\WINDOWS\System32\IMM32.DLL
0x00007fff76b50000 - 0x00007fff76beb000 	C:\Program Files\Microsoft\jdk-11.0.20.8-hotspot\bin\msvcp140.dll
0x00007fff36ea0000 - 0x00007fff37a36000 	C:\Program Files\Microsoft\jdk-11.0.20.8-hotspot\bin\server\jvm.dll
0x00007fff8f660000 - 0x00007fff8f70f000 	C:\WINDOWS\System32\ADVAPI32.dll
0x00007fff8e9f0000 - 0x00007fff8ea8c000 	C:\WINDOWS\System32\sechost.dll
0x00007fff8f3a0000 - 0x00007fff8f4c6000 	C:\WINDOWS\System32\RPCRT4.dll
0x00007fff8d7b0000 - 0x00007fff8d7b8000 	C:\WINDOWS\System32\PSAPI.DLL
0x00007fff85750000 - 0x00007fff85777000 	C:\WINDOWS\SYSTEM32\WINMM.dll
0x00007fff85a00000 - 0x00007fff85a0a000 	C:\WINDOWS\SYSTEM32\VERSION.dll
0x00007fff82370000 - 0x00007fff82379000 	C:\WINDOWS\SYSTEM32\WSOCK32.dll
0x00007fff8f4d0000 - 0x00007fff8f53b000 	C:\WINDOWS\System32\WS2_32.dll
0x00007fff8ad10000 - 0x00007fff8ad22000 	C:\WINDOWS\SYSTEM32\kernel.appcore.dll
0x00007fff7d540000 - 0x00007fff7d550000 	C:\Program Files\Microsoft\jdk-11.0.20.8-hotspot\bin\verify.dll
0x00007fff85b60000 - 0x00007fff85d44000 	C:\WINDOWS\SYSTEM32\DBGHELP.DLL
0x00007fff859c0000 - 0x00007fff859f4000 	C:\WINDOWS\SYSTEM32\dbgcore.DLL
0x00007fff8cff0000 - 0x00007fff8d072000 	C:\WINDOWS\System32\bcryptPrimitives.dll
0x00007fff770b0000 - 0x00007fff770d8000 	C:\Program Files\Microsoft\jdk-11.0.20.8-hotspot\bin\java.dll
0x00007fff7c8a0000 - 0x00007fff7c8aa000 	C:\Program Files\Microsoft\jdk-11.0.20.8-hotspot\bin\jimage.dll
0x00007fff7b1a0000 - 0x00007fff7b1b8000 	C:\Program Files\Microsoft\jdk-11.0.20.8-hotspot\bin\zip.dll
0x00007fff8ebc0000 - 0x00007fff8f304000 	C:\WINDOWS\System32\SHELL32.dll
0x00007fff8af10000 - 0x00007fff8b6ab000 	C:\WINDOWS\SYSTEM32\windows.storage.dll
0x00007fff8de40000 - 0x00007fff8e194000 	C:\WINDOWS\System32\combase.dll
0x00007fff8c800000 - 0x00007fff8c82d000 	C:\WINDOWS\SYSTEM32\Wldp.dll
0x00007fff8e6b0000 - 0x00007fff8e75d000 	C:\WINDOWS\System32\SHCORE.dll
0x00007fff8eb60000 - 0x00007fff8ebb5000 	C:\WINDOWS\System32\shlwapi.dll
0x00007fff8cd60000 - 0x00007fff8cd85000 	C:\WINDOWS\SYSTEM32\profapi.dll
0x00007fff77090000 - 0x00007fff770a9000 	C:\Program Files\Microsoft\jdk-11.0.20.8-hotspot\bin\net.dll
0x00007fff871d0000 - 0x00007fff872da000 	C:\WINDOWS\SYSTEM32\WINHTTP.dll
0x00007fff8c500000 - 0x00007fff8c56a000 	C:\WINDOWS\system32\mswsock.dll
0x00007fff77070000 - 0x00007fff77083000 	C:\Program Files\Microsoft\jdk-11.0.20.8-hotspot\bin\nio.dll
0x00007fff6d5a0000 - 0x00007fff6d5c7000 	C:\Users\Aripro\.gradle\native\68d5fa5c4cc2d200863cafc0d521ce42e7d3e7ee720ec0a83991735586a16f82\windows-amd64\native-platform.dll
0x00007fff61cc0000 - 0x00007fff61e04000 	C:\Users\Aripro\.gradle\native\e376f236ea51e6404a007f0833ffe2c6e607c4080706a723a18a27aeea778392\windows-amd64\native-platform-file-events.dll
0x00007fff7b890000 - 0x00007fff7b899000 	C:\Program Files\Microsoft\jdk-11.0.20.8-hotspot\bin\management.dll
0x00007fff7a420000 - 0x00007fff7a42b000 	C:\Program Files\Microsoft\jdk-11.0.20.8-hotspot\bin\management_ext.dll
0x00007fff8c750000 - 0x00007fff8c768000 	C:\WINDOWS\SYSTEM32\CRYPTSP.dll
0x00007fff8be30000 - 0x00007fff8be64000 	C:\WINDOWS\system32\rsaenh.dll
0x00007fff8d0d0000 - 0x00007fff8d0f7000 	C:\WINDOWS\System32\bcrypt.dll
0x00007fff8cce0000 - 0x00007fff8cd0e000 	C:\WINDOWS\SYSTEM32\USERENV.dll
0x00007fff8c770000 - 0x00007fff8c77c000 	C:\WINDOWS\SYSTEM32\CRYPTBASE.dll
0x00007fff8c1f0000 - 0x00007fff8c22b000 	C:\WINDOWS\SYSTEM32\IPHLPAPI.DLL
0x00007fff8dae0000 - 0x00007fff8dae8000 	C:\WINDOWS\System32\NSI.dll
0x00007fff876a0000 - 0x00007fff876b7000 	C:\WINDOWS\SYSTEM32\dhcpcsvc6.DLL
0x00007fff87920000 - 0x00007fff8793d000 	C:\WINDOWS\SYSTEM32\dhcpcsvc.DLL
0x00007fff8c230000 - 0x00007fff8c2fa000 	C:\WINDOWS\SYSTEM32\DNSAPI.dll

dbghelp: loaded successfully - version: 4.0.5 - missing functions: none
symbol engine: initialized successfully - sym options: 0x614 - pdb path: .;C:\Program Files\Microsoft\jdk-11.0.20.8-hotspot\bin;C:\WINDOWS\SYSTEM32;C:\WINDOWS\WinSxS\amd64_microsoft.windows.common-controls_6595b64144ccf1df_6.0.19041.3636_none_60b6a03d71f818d5;C:\Program Files\Microsoft\jdk-11.0.20.8-hotspot\bin\server;C:\Users\Aripro\.gradle\native\68d5fa5c4cc2d200863cafc0d521ce42e7d3e7ee720ec0a83991735586a16f82\windows-amd64;C:\Users\Aripro\.gradle\native\e376f236ea51e6404a007f0833ffe2c6e607c4080706a723a18a27aeea778392\windows-amd64

VM Arguments:
jvm_args: -XX:MaxMetaspaceSize=512m --add-opens=java.base/java.util=ALL-UNNAMED --add-opens=java.base/java.lang=ALL-UNNAMED --add-opens=java.base/java.lang.invoke=ALL-UNNAMED --add-opens=java.prefs/java.util.prefs=ALL-UNNAMED --add-opens=java.base/java.nio.charset=ALL-UNNAMED --add-opens=java.base/java.net=ALL-UNNAMED --add-opens=java.base/java.util.concurrent.atomic=ALL-UNNAMED -Xmx2048m -Dfile.encoding=windows-1252 -Duser.country=IN -Duser.language=en -Duser.variant 
java_command: org.gradle.launcher.daemon.bootstrap.GradleDaemon 8.0.1
java_class_path (initial): C:\Users\Aripro\.gradle\wrapper\dists\gradle-8.0.1-all\aro4hu1c3oeioove7l0i4i14o\gradle-8.0.1\lib\gradle-launcher-8.0.1.jar
Launcher Type: SUN_STANDARD

[Global flags]
     intx CICompilerCount                          = 4                                         {product} {ergonomic}
   size_t CompressedClassSpaceSize                 = 528482304                                 {product} {ergonomic}
     uint ConcGCThreads                            = 3                                         {product} {ergonomic}
     uint G1ConcRefinementThreads                  = 10                                        {product} {ergonomic}
   size_t G1HeapRegionSize                         = 1048576                                   {product} {ergonomic}
    uintx GCDrainStackTargetSize                   = 64                                        {product} {ergonomic}
   size_t InitialHeapSize                          = 190840832                                 {product} {ergonomic}
   size_t MarkStackSize                            = 4194304                                   {product} {ergonomic}
   size_t MaxHeapSize                              = 2147483648                                {product} {command line}
   size_t MaxMetaspaceSize                         = 536870912                                 {product} {command line}
   size_t MaxNewSize                               = 1287651328                                {product} {ergonomic}
   size_t MinHeapDeltaBytes                        = 1048576                                   {product} {ergonomic}
    uintx NonNMethodCodeHeapSize                   = 5836300                                {pd product} {ergonomic}
    uintx NonProfiledCodeHeapSize                  = 122910970                              {pd product} {ergonomic}
    uintx ProfiledCodeHeapSize                     = 122910970                              {pd product} {ergonomic}
    uintx ReservedCodeCacheSize                    = 251658240                              {pd product} {ergonomic}
     bool SegmentedCodeCache                       = true                                      {product} {ergonomic}
     bool UseCompressedClassPointers               = true                                 {lp64_product} {ergonomic}
     bool UseCompressedOops                        = true                                 {lp64_product} {ergonomic}
     bool UseG1GC                                  = true                                      {product} {ergonomic}
     bool UseLargePagesIndividualAllocation        = false                                  {pd product} {ergonomic}

Logging:
Log output configuration:
 #0: stdout all=warning uptime,level,tags
 #1: stderr all=off uptime,level,tags

Environment Variables:
JAVA_HOME=C:\Program Files\Microsoft\jdk-11.0.20.8-hotspot\
CLASSPATH=P:\test\firstProject\android\\gradle\wrapper\gradle-wrapper.jar
PATH=P:\test\firstProject\node_modules\.bin;P:\test\node_modules\.bin;P:\node_modules\.bin;C:\Users\Aripro\AppData\Roaming\npm\node_modules\npm\node_modules\@npmcli\run-script\lib\node-gyp-bin;C:\Program Files\Microsoft\jdk-11.0.20.8-hotspot\bin;C:\WINDOWS\system32;C:\WINDOWS;C:\WINDOWS\System32\Wbem;C:\WINDOWS\System32\WindowsPowerShell\v1.0\;C:\ProgramData\chocolatey\bin;C:\Program Files\nodejs\;C:\WINDOWS\System32\OpenSSH\;C:\Users\Aripro\AppData\Local\Microsoft\WindowsApps;C:\Users\Aripro\AppData\Local\Programs\Microsoft VS Code\bin;C:\Users\Aripro\AppData\Roaming\npm;C:\Users\Aripro\AppData\Local\Android\Sdk\platform-tools;
USERNAME=Aripro
LANG=en_US.UTF-8
OS=Windows_NT
PROCESSOR_IDENTIFIER=AMD64 Family 23 Model 96 Stepping 1, AuthenticAMD
TMP=C:\Users\Aripro\AppData\Local\Temp
TEMP=C:\Users\Aripro\AppData\Local\Temp



---------------  S Y S T E M  ---------------

OS: Windows 10 , 64 bit Build 19041 (10.0.19041.3636)
OS uptime: 1 days 0:20 hours

CPU:total 12 (initial active 12) (12 cores per cpu, 2 threads per core) family 23 model 96 stepping 1 microcode 0x0, cmov, cx8, fxsr, mmx, sse, sse2, sse3, ssse3, sse4.1, sse4.2, popcnt, avx, avx2, aes, clmul, mmxext, 3dnowpref, lzcnt, sse4a, ht, tsc, tscinvbit, tscinv, bmi1, bmi2, adx, sha, fma

Memory: 4k page, system-wide physical 11644M (341M free)
TotalPageFile size 27622M (AvailPageFile size 5M)
current process WorkingSet (physical memory assigned to process): 558M, peak: 558M
current process commit charge ("private bytes"): 608M, peak: 609M

vm_info: OpenJDK 64-Bit Server VM (11.0.20+8-LTS) for windows-amd64 JRE (11.0.20+8-LTS), built on Jul  7 2023 17:05:21 by "MicrosoftCorporation" with MS VC++ 15.9 (VS2017)

END.
